\BOOKMARK [1][-]{section*.2}{\376\377\000E\000x\000e\000c\000u\000t\000i\000v\000e\000\040\000S\000u\000m\000m\000a\000r\000y}{}% 1
\BOOKMARK [2][-]{section*.3}{\376\377\000S\000t\000o\000c\000k}{section*.2}% 2
\BOOKMARK [2][-]{section*.4}{\376\377\000C\000a\000t\000c\000h\000e\000s}{section*.2}% 3
\BOOKMARK [2][-]{section*.9}{\376\377\000D\000a\000t\000a\000\040\000a\000n\000d\000\040\000A\000s\000s\000e\000s\000s\000m\000e\000n\000t}{section*.2}% 4
\BOOKMARK [2][-]{section*.11}{\376\377\000S\000t\000o\000c\000k\000\040\000B\000i\000o\000m\000a\000s\000s}{section*.2}% 5
\BOOKMARK [2][-]{section*.15}{\376\377\000R\000e\000c\000r\000u\000i\000t\000m\000e\000n\000t}{section*.2}% 6
\BOOKMARK [2][-]{section*.18}{\376\377\000E\000x\000p\000l\000o\000i\000t\000a\000t\000i\000o\000n\000\040\000s\000t\000a\000t\000u\000s}{section*.2}% 7
\BOOKMARK [2][-]{section*.21}{\376\377\000E\000c\000o\000s\000y\000s\000t\000e\000m\000\040\000C\000o\000n\000s\000i\000d\000e\000r\000a\000t\000i\000o\000n\000s}{section*.2}% 8
\BOOKMARK [2][-]{section*.22}{\376\377\000R\000e\000f\000e\000r\000e\000n\000c\000e\000\040\000P\000o\000i\000n\000t\000s}{section*.2}% 9
\BOOKMARK [2][-]{section*.24}{\376\377\000M\000a\000n\000a\000g\000e\000m\000e\000n\000t\000\040\000P\000e\000r\000f\000o\000r\000m\000a\000n\000c\000e}{section*.2}% 10
\BOOKMARK [2][-]{section*.26}{\376\377\000U\000n\000r\000e\000s\000o\000l\000v\000e\000d\000\040\000P\000r\000o\000b\000l\000e\000m\000s\000\040\000a\000n\000d\000\040\000M\000a\000j\000o\000r\000\040\000U\000n\000c\000e\000r\000t\000a\000i\000n\000t\000i\000e\000s}{section*.2}% 11
\BOOKMARK [2][-]{section*.27}{\376\377\000D\000e\000c\000i\000s\000i\000o\000n\000\040\000T\000a\000b\000l\000e}{section*.2}% 12
\BOOKMARK [2][-]{section*.32}{\376\377\000R\000e\000s\000e\000a\000r\000c\000h\000\040\000a\000n\000d\000\040\000D\000a\000t\000a\000\040\000N\000e\000e\000d\000s}{section*.2}% 13
\BOOKMARK [1][-]{section.1}{\376\377\000I\000n\000t\000r\000o\000d\000u\000c\000t\000i\000o\000n}{}% 14
\BOOKMARK [2][-]{subsection.1.1}{\376\377\000B\000a\000s\000i\000c\000\040\000I\000n\000f\000o\000r\000m\000a\000t\000i\000o\000n\000\040\000a\000n\000d\000\040\000L\000i\000f\000e\000\040\000H\000i\000s\000t\000o\000r\000y}{section.1}% 15
\BOOKMARK [2][-]{subsection.1.2}{\376\377\000E\000a\000r\000l\000y\000\040\000L\000i\000f\000e\000\040\000H\000i\000s\000t\000o\000r\000y}{section.1}% 16
\BOOKMARK [2][-]{subsection.1.3}{\376\377\000M\000a\000p}{section.1}% 17
\BOOKMARK [2][-]{subsection.1.4}{\376\377\000E\000c\000o\000s\000y\000s\000t\000e\000m\000\040\000C\000o\000n\000s\000i\000d\000e\000r\000a\000t\000i\000o\000n\000s}{section.1}% 18
\BOOKMARK [2][-]{subsection.1.5}{\376\377\000F\000i\000s\000h\000e\000r\000y\000\040\000I\000n\000f\000o\000r\000m\000a\000t\000i\000o\000n}{section.1}% 19
\BOOKMARK [2][-]{subsection.1.6}{\376\377\000S\000u\000m\000m\000a\000r\000y\000\040\000o\000f\000\040\000M\000a\000n\000a\000g\000e\000m\000e\000n\000t\000\040\000H\000i\000s\000t\000o\000r\000y}{section.1}% 20
\BOOKMARK [2][-]{subsection.1.7}{\376\377\000M\000a\000n\000a\000g\000e\000m\000e\000n\000t\000\040\000P\000e\000r\000f\000o\000r\000m\000a\000n\000c\000e}{section.1}% 21
\BOOKMARK [2][-]{subsection.1.8}{\376\377\000F\000i\000s\000h\000e\000r\000i\000e\000s\000\040\000O\000f\000f\000\040\000M\000e\000x\000i\000c\000o\000\040\000o\000r\000\040\000C\000a\000n\000a\000d\000a}{section.1}% 22
\BOOKMARK [1][-]{section.2}{\376\377\000A\000s\000s\000e\000s\000s\000m\000e\000n\000t}{}% 23
\BOOKMARK [2][-]{subsection.2.1}{\376\377\000D\000a\000t\000a}{section.2}% 24
\BOOKMARK [3][-]{subsubsection.2.1.1}{\376\377\000C\000o\000m\000m\000e\000r\000c\000i\000a\000l\000\040\000F\000i\000s\000h\000e\000r\000y\000\040\000L\000a\000n\000d\000i\000n\000g\000s}{subsection.2.1}% 25
\BOOKMARK [3][-]{subsubsection.2.1.2}{\376\377\000C\000o\000m\000m\000e\000r\000c\000i\000a\000l\000\040\000D\000i\000s\000c\000a\000r\000d\000s}{subsection.2.1}% 26
\BOOKMARK [3][-]{subsubsection.2.1.3}{\376\377\000C\000o\000m\000m\000e\000r\000c\000i\000a\000l\000\040\000F\000i\000s\000h\000e\000r\000y\000\040\000L\000e\000n\000g\000t\000h\000\040\000a\000n\000d\000\040\000A\000g\000e\000\040\000D\000a\000t\000a}{subsection.2.1}% 27
\BOOKMARK [3][-]{subsubsection.2.1.4}{\376\377\000R\000e\000c\000r\000e\000a\000t\000i\000o\000n\000a\000l\000\040\000F\000i\000s\000h\000e\000r\000y\000\040\000L\000a\000n\000d\000i\000n\000g\000s\000\040\000a\000n\000d\000\040\000D\000i\000s\000c\000a\000r\000d\000s}{subsection.2.1}% 28
\BOOKMARK [3][-]{subsubsection.2.1.5}{\376\377\000R\000e\000c\000r\000e\000a\000t\000i\000o\000n\000a\000l\000\040\000F\000i\000s\000h\000e\000r\000y\000\040\000L\000e\000n\000g\000t\000h\000\040\000a\000n\000d\000\040\000A\000g\000e\000\040\000D\000a\000t\000a}{subsection.2.1}% 29
\BOOKMARK [3][-]{subsubsection.2.1.6}{\376\377\000F\000i\000s\000h\000e\000r\000y\000-\000D\000e\000p\000e\000n\000d\000e\000n\000t\000\040\000I\000n\000d\000i\000c\000e\000s\000\040\000o\000f\000\040\000A\000b\000u\000n\000d\000a\000n\000c\000e}{subsection.2.1}% 30
\BOOKMARK [3][-]{subsubsection.2.1.7}{\376\377\000F\000i\000s\000h\000e\000r\000y\000-\000D\000e\000p\000e\000n\000d\000e\000n\000t\000\040\000I\000n\000d\000i\000c\000e\000s\000:\000\040\000A\000v\000a\000i\000l\000a\000b\000l\000e\000\040\000L\000e\000n\000g\000t\000h\000\040\000a\000n\000d\000\040\000A\000g\000e\000\040\000D\000a\000t\000a}{subsection.2.1}% 31
\BOOKMARK [3][-]{subsubsection.2.1.8}{\376\377\000F\000i\000s\000h\000e\000r\000y\000-\000I\000n\000d\000e\000p\000e\000n\000d\000e\000n\000t\000\040\000D\000a\000t\000a\000\040\000S\000o\000u\000r\000c\000e\000s}{subsection.2.1}% 32
\BOOKMARK [3][-]{subsubsection.2.1.9}{\376\377\000B\000i\000o\000l\000o\000g\000i\000c\000a\000l\000\040\000P\000a\000r\000a\000m\000e\000t\000e\000r\000s\000\040\000a\000n\000d\000\040\000D\000a\000t\000a}{subsection.2.1}% 33
\BOOKMARK [3][-]{subsubsection.2.1.10}{\376\377\000E\000n\000v\000i\000r\000o\000n\000m\000e\000n\000t\000a\000l\000\040\000o\000r\000\040\000E\000c\000o\000s\000y\000s\000t\000e\000m\000\040\000D\000a\000t\000a\000\040\000I\000n\000c\000l\000u\000d\000e\000d\000\040\000i\000n\000\040\000t\000h\000e\000\040\000A\000s\000s\000e\000s\000s\000m\000e\000n\000t}{subsection.2.1}% 34
\BOOKMARK [2][-]{subsection.2.2}{\376\377\000P\000r\000e\000v\000i\000o\000u\000s\000\040\000A\000s\000s\000e\000s\000s\000m\000e\000n\000t\000s}{section.2}% 35
\BOOKMARK [3][-]{subsubsection.2.2.1}{\376\377\000H\000i\000s\000t\000o\000r\000y\000\040\000o\000f\000\040\000M\000o\000d\000e\000l\000i\000n\000g\000\040\000A\000p\000p\000r\000o\000a\000c\000h\000e\000s\000\040\000U\000s\000e\000d\000\040\000f\000o\000r\000\040\000t\000h\000i\000s\000\040\000S\000t\000o\000c\000k}{subsection.2.2}% 36
\BOOKMARK [3][-]{subsubsection.2.2.2}{\376\377\0002\0000\0000\0005\000\040\000A\000s\000s\000e\000s\000s\000m\000e\000n\000t\000\040\000R\000e\000c\000o\000m\000m\000e\000n\000d\000a\000t\000i\000o\000n\000s}{subsection.2.2}% 37
\BOOKMARK [2][-]{subsection.2.3}{\376\377\000M\000o\000d\000e\000l\000\040\000D\000e\000s\000c\000r\000i\000p\000t\000i\000o\000n}{section.2}% 38
\BOOKMARK [3][-]{subsubsection.2.3.1}{\376\377\000T\000r\000a\000n\000s\000i\000t\000i\000o\000n\000\040\000t\000o\000\040\000t\000h\000e\000\040\000C\000u\000r\000r\000e\000n\000t\000\040\000S\000t\000o\000c\000k\000\040\000A\000s\000s\000e\000s\000s\000m\000e\000n\000t}{subsection.2.3}% 39
\BOOKMARK [3][-]{subsubsection.2.3.2}{\376\377\000S\000u\000m\000m\000a\000r\000y\000\040\000o\000f\000\040\000D\000a\000t\000a\000\040\000f\000o\000r\000\040\000F\000l\000e\000e\000t\000s\000\040\000a\000n\000d\000\040\000A\000r\000e\000a\000s}{subsection.2.3}% 40
\BOOKMARK [3][-]{subsubsection.2.3.3}{\376\377\000O\000t\000h\000e\000r\000\040\000S\000p\000e\000c\000i\000f\000i\000c\000a\000t\000i\000o\000n\000s}{subsection.2.3}% 41
\BOOKMARK [3][-]{subsubsection.2.3.4}{\376\377\000M\000o\000d\000e\000l\000i\000n\000g\000\040\000S\000o\000f\000t\000w\000a\000r\000e}{subsection.2.3}% 42
\BOOKMARK [3][-]{subsubsection.2.3.5}{\376\377\000D\000a\000t\000a\000\040\000W\000e\000i\000g\000h\000t\000i\000n\000g}{subsection.2.3}% 43
\BOOKMARK [3][-]{subsubsection.2.3.6}{\376\377\000P\000r\000i\000o\000r\000s}{subsection.2.3}% 44
\BOOKMARK [3][-]{subsubsection.2.3.7}{\376\377\000E\000s\000t\000i\000m\000a\000t\000e\000d\000\040\000a\000n\000d\000\040\000F\000i\000x\000e\000d\000\040\000P\000a\000r\000a\000m\000e\000t\000e\000r\000s}{subsection.2.3}% 45
\BOOKMARK [2][-]{subsection.2.4}{\376\377\000M\000o\000d\000e\000l\000\040\000S\000e\000l\000e\000c\000t\000i\000o\000n\000\040\000a\000n\000d\000\040\000E\000v\000a\000l\000u\000a\000t\000i\000o\000n}{section.2}% 46
\BOOKMARK [3][-]{subsubsection.2.4.1}{\376\377\000K\000e\000y\000\040\000A\000s\000s\000u\000m\000p\000t\000i\000o\000n\000s\000\040\000a\000n\000d\000\040\000S\000t\000r\000u\000c\000t\000u\000r\000a\000l\000\040\000C\000h\000o\000i\000c\000e\000s}{subsection.2.4}% 47
\BOOKMARK [3][-]{subsubsection.2.4.2}{\376\377\000A\000l\000t\000e\000r\000n\000a\000t\000e\000\040\000p\000r\000e\000-\000S\000T\000A\000R\000\040\000M\000o\000d\000e\000l\000s\000\040\000C\000o\000n\000s\000i\000d\000e\000r\000e\000d}{subsection.2.4}% 48
\BOOKMARK [3][-]{subsubsection.2.4.3}{\376\377\000U\000n\000c\000e\000r\000t\000a\000i\000n\000t\000y\000\040\000a\000n\000d\000\040\000S\000e\000n\000s\000i\000t\000i\000v\000i\000t\000y\000\040\000A\000n\000a\000l\000y\000s\000e\000s\000\040\000t\000o\000\040\000t\000h\000e\000\040\000p\000r\000e\000-\000S\000T\000A\000R\000\040\000b\000a\000s\000e}{subsection.2.4}% 49
\BOOKMARK [2][-]{subsection.2.5}{\376\377\000R\000e\000s\000p\000o\000n\000s\000e\000\040\000t\000o\000\040\000t\000h\000e\000\040\000C\000u\000r\000r\000e\000n\000t\000\040\000S\000T\000A\000R\000\040\000P\000a\000n\000e\000l\000\040\000R\000e\000q\000u\000e\000s\000t\000s}{section.2}% 50
\BOOKMARK [2][-]{subsection.2.6}{\376\377\000P\000o\000s\000t\000-\000S\000T\000A\000R\000\040\000B\000a\000s\000e\000\040\000C\000a\000s\000e\000\040\000M\000o\000d\000e\000l\000\040\000R\000e\000s\000u\000l\000t\000s}{section.2}% 51
\BOOKMARK [3][-]{subsubsection.2.6.1}{\376\377\000C\000o\000n\000v\000e\000r\000g\000e\000n\000c\000e}{subsection.2.6}% 52
\BOOKMARK [3][-]{subsubsection.2.6.2}{\376\377\000P\000a\000r\000a\000m\000e\000t\000e\000r\000\040\000E\000s\000t\000i\000m\000a\000t\000e\000s}{subsection.2.6}% 53
\BOOKMARK [3][-]{subsubsection.2.6.3}{\376\377\000F\000i\000t\000s\000\040\000t\000o\000\040\000t\000h\000e\000\040\000D\000a\000t\000a}{subsection.2.6}% 54
\BOOKMARK [3][-]{subsubsection.2.6.4}{\376\377\000R\000e\000t\000r\000o\000s\000p\000e\000c\000t\000i\000v\000e\000\040\000A\000n\000a\000l\000y\000s\000i\000s}{subsection.2.6}% 55
\BOOKMARK [3][-]{subsubsection.2.6.5}{\376\377\000L\000i\000k\000e\000l\000i\000h\000o\000o\000d\000\040\000P\000r\000o\000f\000i\000l\000e\000s}{subsection.2.6}% 56
\BOOKMARK [3][-]{subsubsection.2.6.6}{\376\377\000R\000e\000f\000e\000r\000e\000n\000c\000e\000\040\000P\000o\000i\000n\000t\000s}{subsection.2.6}% 57
\BOOKMARK [1][-]{section.3}{\376\377\000H\000a\000r\000v\000e\000s\000t\000\040\000P\000r\000o\000j\000e\000c\000t\000i\000o\000n\000s\000\040\000a\000n\000d\000\040\000D\000e\000c\000i\000s\000i\000o\000n\000\040\000T\000a\000b\000l\000e\000s}{}% 58
\BOOKMARK [1][-]{section.4}{\376\377\000R\000e\000g\000i\000o\000n\000a\000l\000\040\000M\000a\000n\000a\000g\000e\000m\000e\000n\000t\000\040\000C\000o\000n\000s\000i\000d\000e\000r\000a\000t\000i\000o\000n\000s}{}% 59
\BOOKMARK [1][-]{section.5}{\376\377\000R\000e\000s\000e\000a\000r\000c\000h\000\040\000N\000e\000e\000d\000s}{}% 60
\BOOKMARK [1][-]{section.6}{\376\377\000A\000c\000k\000n\000o\000w\000l\000e\000d\000g\000m\000e\000n\000t\000s}{}% 61
\BOOKMARK [1][-]{section.7}{\376\377\000T\000a\000b\000l\000e\000s}{}% 62
\BOOKMARK [1][-]{section.8}{\376\377\000F\000i\000g\000u\000r\000e\000s}{}% 63
\BOOKMARK [1][-]{section*.150}{\376\377\000A\000p\000p\000e\000n\000d\000i\000x\000\040\000A\000.\000\040\000C\000a\000l\000i\000f\000o\000r\000n\000i\000a\000'\000s\000\040\000C\000o\000m\000m\000e\000r\000c\000i\000a\000l\000\040\000F\000i\000s\000h\000e\000r\000y\000\040\000R\000e\000g\000u\000l\000a\000t\000i\000o\000n\000s}{}% 64
\BOOKMARK [1][-]{section*.154}{\376\377\000A\000p\000p\000e\000n\000d\000i\000x\000\040\000B\000.\000\040\000C\000a\000l\000i\000f\000o\000r\000n\000i\000a\000'\000s\000\040\000R\000e\000c\000r\000e\000a\000t\000i\000o\000n\000a\000l\000\040\000F\000i\000s\000h\000e\000r\000y\000\040\000R\000e\000g\000u\000l\000a\000t\000i\000o\000n\000s}{}% 65
\BOOKMARK [1][-]{section*.159}{\376\377\000A\000p\000p\000e\000n\000d\000i\000x\000\040\000C\000.\000\040\000D\000e\000t\000a\000i\000l\000e\000d\000\040\000f\000i\000t\000s\000\040\000t\000o\000\040\000l\000e\000n\000g\000t\000h\000\040\000c\000o\000m\000p\000o\000s\000i\000t\000i\000o\000n\000\040\000d\000a\000t\000a}{}% 66
\BOOKMARK [1][-]{section*.166}{\376\377\000R\000e\000f\000e\000r\000e\000n\000c\000e\000s}{}% 67
