This is pdfTeX, Version 3.14159265-2.6-1.40.19 (TeX Live 2018/W32TeX) (preloaded format=pdflatex 2018.10.29)  12 AUG 2019 16:05
entering extended mode
 restricted \write18 enabled.
 %&-line parsing enabled.
**00_Assessment_Compile.tex
(./00_Assessment_Compile.tex
LaTeX2e <2018-04-01> patch level 5

(c:/Users/melissa.monk/AppData/Roaming/TinyTeX/texmf-dist/tex/latex/base/articl
e.cls
Document Class: article 2014/09/29 v1.4h Standard LaTeX document class

(c:/Users/melissa.monk/AppData/Roaming/TinyTeX/texmf-dist/tex/latex/base/size12
.clo
File: size12.clo 2014/09/29 v1.4h Standard LaTeX file (size option)
)
\c@part=\count80
\c@section=\count81
\c@subsection=\count82
\c@subsubsection=\count83
\c@paragraph=\count84
\c@subparagraph=\count85
\c@figure=\count86
\c@table=\count87
\abovecaptionskip=\skip41
\belowcaptionskip=\skip42
\bibindent=\dimen102
)
(c:/Users/melissa.monk/AppData/Roaming/TinyTeX/texmf-dist/tex/latex/amsfonts/am
ssymb.sty
Package: amssymb 2013/01/14 v3.01 AMS font symbols

(c:/Users/melissa.monk/AppData/Roaming/TinyTeX/texmf-dist/tex/latex/amsfonts/am
sfonts.sty
Package: amsfonts 2013/01/14 v3.01 Basic AMSFonts support
\@emptytoks=\toks14
\symAMSa=\mathgroup4
\symAMSb=\mathgroup5
LaTeX Font Info:    Overwriting math alphabet `\mathfrak' in version `bold'
(Font)                  U/euf/m/n --> U/euf/b/n on input line 106.
))
(c:/Users/melissa.monk/AppData/Roaming/TinyTeX/texmf-dist/tex/latex/amsmath/ams
math.sty
Package: amsmath 2017/09/02 v2.17a AMS math features
\@mathmargin=\skip43
For additional information on amsmath, use the `?' option.

(c:/Users/melissa.monk/AppData/Roaming/TinyTeX/texmf-dist/tex/latex/amsmath/ams
text.sty
Package: amstext 2000/06/29 v2.01 AMS text

(c:/Users/melissa.monk/AppData/Roaming/TinyTeX/texmf-dist/tex/latex/amsmath/ams
gen.sty
File: amsgen.sty 1999/11/30 v2.0 generic functions
\@emptytoks=\toks15
\ex@=\dimen103
))
(c:/Users/melissa.monk/AppData/Roaming/TinyTeX/texmf-dist/tex/latex/amsmath/ams
bsy.sty
Package: amsbsy 1999/11/29 v1.2d Bold Symbols
\pmbraise@=\dimen104
)
(c:/Users/melissa.monk/AppData/Roaming/TinyTeX/texmf-dist/tex/latex/amsmath/ams
opn.sty
Package: amsopn 2016/03/08 v2.02 operator names
)
\inf@bad=\count88
LaTeX Info: Redefining \frac on input line 213.
\uproot@=\count89
\leftroot@=\count90
LaTeX Info: Redefining \overline on input line 375.
\classnum@=\count91
\DOTSCASE@=\count92
LaTeX Info: Redefining \ldots on input line 472.
LaTeX Info: Redefining \dots on input line 475.
LaTeX Info: Redefining \cdots on input line 596.
\Mathstrutbox@=\box26
\strutbox@=\box27
\big@size=\dimen105
LaTeX Font Info:    Redeclaring font encoding OML on input line 712.
LaTeX Font Info:    Redeclaring font encoding OMS on input line 713.
\macc@depth=\count93
\c@MaxMatrixCols=\count94
\dotsspace@=\muskip10
\c@parentequation=\count95
\dspbrk@lvl=\count96
\tag@help=\toks16
\row@=\count97
\column@=\count98
\maxfields@=\count99
\andhelp@=\toks17
\eqnshift@=\dimen106
\alignsep@=\dimen107
\tagshift@=\dimen108
\tagwidth@=\dimen109
\totwidth@=\dimen110
\lineht@=\dimen111
\@envbody=\toks18
\multlinegap=\skip44
\multlinetaggap=\skip45
\mathdisplay@stack=\toks19
LaTeX Info: Redefining \[ on input line 2817.
LaTeX Info: Redefining \] on input line 2818.
)
(c:/Users/melissa.monk/AppData/Roaming/TinyTeX/texmf-dist/tex/generic/ifxetex/i
fxetex.sty
Package: ifxetex 2010/09/12 v0.6 Provides ifxetex conditional
)
(c:/Users/melissa.monk/AppData/Roaming/TinyTeX/texmf-dist/tex/generic/oberdiek/
ifluatex.sty
Package: ifluatex 2016/05/16 v1.4 Provides the ifluatex switch (HO)
Package ifluatex Info: LuaTeX not detected.
)
(c:/Users/melissa.monk/AppData/Roaming/TinyTeX/texmf-dist/tex/latex/base/fixltx
2e.sty
Package: fixltx2e 2016/12/29 v2.1a fixes to LaTeX (obsolete)
Applying: [2015/01/01] Old fixltx2e package on input line 46.

Package fixltx2e Warning: fixltx2e is not required with releases after 2015
(fixltx2e)                All fixes are now in the LaTeX kernel.
(fixltx2e)                See the latexrelease package for details.

Already applied: [0000/00/00] Old fixltx2e package on input line 53.
)
(c:/Users/melissa.monk/AppData/Roaming/TinyTeX/texmf-dist/tex/latex/upquote/upq
uote.sty
Package: upquote 2012/04/19 v1.3 upright-quote and grave-accent glyphs in verba
tim
)
(c:/Users/melissa.monk/AppData/Roaming/TinyTeX/texmf-dist/tex/latex/geometry/ge
ometry.sty
Package: geometry 2018/04/16 v5.8 Page Geometry

(c:/Users/melissa.monk/AppData/Roaming/TinyTeX/texmf-dist/tex/latex/graphics/ke
yval.sty
Package: keyval 2014/10/28 v1.15 key=value parser (DPC)
\KV@toks@=\toks20
)
(c:/Users/melissa.monk/AppData/Roaming/TinyTeX/texmf-dist/tex/generic/oberdiek/
ifpdf.sty
Package: ifpdf 2018/09/07 v3.3 Provides the ifpdf switch
)
(c:/Users/melissa.monk/AppData/Roaming/TinyTeX/texmf-dist/tex/generic/oberdiek/
ifvtex.sty
Package: ifvtex 2016/05/16 v1.6 Detect VTeX and its facilities (HO)
Package ifvtex Info: VTeX not detected.
)
\Gm@cnth=\count100
\Gm@cntv=\count101
\c@Gm@tempcnt=\count102
\Gm@bindingoffset=\dimen112
\Gm@wd@mp=\dimen113
\Gm@odd@mp=\dimen114
\Gm@even@mp=\dimen115
\Gm@layoutwidth=\dimen116
\Gm@layoutheight=\dimen117
\Gm@layouthoffset=\dimen118
\Gm@layoutvoffset=\dimen119
\Gm@dimlist=\toks21
)
(c:/Users/melissa.monk/AppData/Roaming/TinyTeX/texmf-dist/tex/latex/hyperref/hy
perref.sty
Package: hyperref 2018/09/30 v6.88a Hypertext links for LaTeX

(c:/Users/melissa.monk/AppData/Roaming/TinyTeX/texmf-dist/tex/generic/oberdiek/
hobsub-hyperref.sty
Package: hobsub-hyperref 2016/05/16 v1.14 Bundle oberdiek, subset hyperref (HO)


(c:/Users/melissa.monk/AppData/Roaming/TinyTeX/texmf-dist/tex/generic/oberdiek/
hobsub-generic.sty
Package: hobsub-generic 2016/05/16 v1.14 Bundle oberdiek, subset generic (HO)
Package: hobsub 2016/05/16 v1.14 Construct package bundles (HO)
Package: infwarerr 2016/05/16 v1.4 Providing info/warning/error messages (HO)
Package: ltxcmds 2016/05/16 v1.23 LaTeX kernel commands for general use (HO)
Package hobsub Info: Skipping package `ifluatex' (already loaded).
Package hobsub Info: Skipping package `ifvtex' (already loaded).
Package: intcalc 2016/05/16 v1.2 Expandable calculations with integers (HO)
Package hobsub Info: Skipping package `ifpdf' (already loaded).
Package: etexcmds 2016/05/16 v1.6 Avoid name clashes with e-TeX commands (HO)
Package etexcmds Info: Could not find \expanded.
(etexcmds)             That can mean that you are not using pdfTeX 1.50 or
(etexcmds)             that some package has redefined \expanded.
(etexcmds)             In the latter case, load this package earlier.
Package: kvsetkeys 2016/05/16 v1.17 Key value parser (HO)
Package: kvdefinekeys 2016/05/16 v1.4 Define keys (HO)
Package: pdftexcmds 2018/09/10 v0.29 Utility functions of pdfTeX for LuaTeX (HO
)
Package pdftexcmds Info: LuaTeX not detected.
Package pdftexcmds Info: \pdf@primitive is available.
Package pdftexcmds Info: \pdf@ifprimitive is available.
Package pdftexcmds Info: \pdfdraftmode found.
Package: pdfescape 2016/05/16 v1.14 Implements pdfTeX's escape features (HO)
Package: bigintcalc 2016/05/16 v1.4 Expandable calculations on big integers (HO
)
Package: bitset 2016/05/16 v1.2 Handle bit-vector datatype (HO)
Package: uniquecounter 2016/05/16 v1.3 Provide unlimited unique counter (HO)
)
Package hobsub Info: Skipping package `hobsub' (already loaded).
Package: letltxmacro 2016/05/16 v1.5 Let assignment for LaTeX macros (HO)
Package: hopatch 2016/05/16 v1.3 Wrapper for package hooks (HO)
Package: xcolor-patch 2016/05/16 xcolor patch
Package: atveryend 2016/05/16 v1.9 Hooks at the very end of document (HO)
Package atveryend Info: \enddocument detected (standard20110627).
Package: atbegshi 2016/06/09 v1.18 At begin shipout hook (HO)
Package: refcount 2016/05/16 v3.5 Data extraction from label references (HO)
Package: hycolor 2016/05/16 v1.8 Color options for hyperref/bookmark (HO)
)
(c:/Users/melissa.monk/AppData/Roaming/TinyTeX/texmf-dist/tex/latex/oberdiek/au
xhook.sty
Package: auxhook 2016/05/16 v1.4 Hooks for auxiliary files (HO)
)
(c:/Users/melissa.monk/AppData/Roaming/TinyTeX/texmf-dist/tex/latex/oberdiek/kv
options.sty
Package: kvoptions 2016/05/16 v3.12 Key value format for package options (HO)
)
\@linkdim=\dimen120
\Hy@linkcounter=\count103
\Hy@pagecounter=\count104

(c:/Users/melissa.monk/AppData/Roaming/TinyTeX/texmf-dist/tex/latex/hyperref/pd
1enc.def
File: pd1enc.def 2018/09/30 v6.88a Hyperref: PDFDocEncoding definition (HO)
Now handling font encoding PD1 ...
... no UTF-8 mapping file for font encoding PD1
)
\Hy@SavedSpaceFactor=\count105

(c:/Users/melissa.monk/AppData/Roaming/TinyTeX/texmf-dist/tex/latex/latexconfig
/hyperref.cfg
File: hyperref.cfg 2002/06/06 v1.2 hyperref configuration of TeXLive
)
Package hyperref Info: Hyper figures OFF on input line 4535.
Package hyperref Info: Link nesting OFF on input line 4540.
Package hyperref Info: Hyper index ON on input line 4543.
Package hyperref Info: Plain pages OFF on input line 4550.
Package hyperref Info: Backreferencing OFF on input line 4555.
Package hyperref Info: Implicit mode ON; LaTeX internals redefined.
Package hyperref Info: Bookmarks ON on input line 4788.
\c@Hy@tempcnt=\count106

(c:/Users/melissa.monk/AppData/Roaming/TinyTeX/texmf-dist/tex/latex/url/url.sty
\Urlmuskip=\muskip11
Package: url 2013/09/16  ver 3.4  Verb mode for urls, etc.
)
LaTeX Info: Redefining \url on input line 5141.
\XeTeXLinkMargin=\dimen121
\Fld@menulength=\count107
\Field@Width=\dimen122
\Fld@charsize=\dimen123
Package hyperref Info: Hyper figures OFF on input line 6396.
Package hyperref Info: Link nesting OFF on input line 6401.
Package hyperref Info: Hyper index ON on input line 6404.
Package hyperref Info: backreferencing OFF on input line 6411.
Package hyperref Info: Link coloring OFF on input line 6416.
Package hyperref Info: Link coloring with OCG OFF on input line 6421.
Package hyperref Info: PDF/A mode OFF on input line 6426.
LaTeX Info: Redefining \ref on input line 6466.
LaTeX Info: Redefining \pageref on input line 6470.
\Hy@abspage=\count108
\c@Item=\count109
\c@Hfootnote=\count110
)
Package hyperref Info: Driver (autodetected): hpdftex.

(c:/Users/melissa.monk/AppData/Roaming/TinyTeX/texmf-dist/tex/latex/hyperref/hp
dftex.def
File: hpdftex.def 2018/09/30 v6.88a Hyperref driver for pdfTeX
\Fld@listcount=\count111
\c@bookmark@seq@number=\count112

(c:/Users/melissa.monk/AppData/Roaming/TinyTeX/texmf-dist/tex/latex/oberdiek/re
runfilecheck.sty
Package: rerunfilecheck 2016/05/16 v1.8 Rerun checks for auxiliary files (HO)
Package uniquecounter Info: New unique counter `rerunfilecheck' on input line 2
82.
)
\Hy@SectionHShift=\skip46
)
Package hyperref Info: Option `unicode' set `true' on input line 34.

(c:/Users/melissa.monk/AppData/Roaming/TinyTeX/texmf-dist/tex/latex/hyperref/pu
enc.def
File: puenc.def 2018/09/30 v6.88a Hyperref: PDF Unicode definition (HO)
Now handling font encoding PU ...
... no UTF-8 mapping file for font encoding PU
)
Package hyperref Info: Option `breaklinks' set `true' on input line 34.

(c:/Users/melissa.monk/AppData/Roaming/TinyTeX/texmf-dist/tex/latex/graphics/gr
aphicx.sty
Package: graphicx 2017/06/01 v1.1a Enhanced LaTeX Graphics (DPC,SPQR)

(c:/Users/melissa.monk/AppData/Roaming/TinyTeX/texmf-dist/tex/latex/graphics/gr
aphics.sty
Package: graphics 2017/06/25 v1.2c Standard LaTeX Graphics (DPC,SPQR)

(c:/Users/melissa.monk/AppData/Roaming/TinyTeX/texmf-dist/tex/latex/graphics/tr
ig.sty
Package: trig 2016/01/03 v1.10 sin cos tan (DPC)
)
(c:/Users/melissa.monk/AppData/Roaming/TinyTeX/texmf-dist/tex/latex/graphics-cf
g/graphics.cfg
File: graphics.cfg 2016/06/04 v1.11 sample graphics configuration
)
Package graphics Info: Driver file: pdftex.def on input line 99.

(c:/Users/melissa.monk/AppData/Roaming/TinyTeX/texmf-dist/tex/latex/graphics-de
f/pdftex.def
File: pdftex.def 2018/01/08 v1.0l Graphics/color driver for pdftex
))
\Gin@req@height=\dimen124
\Gin@req@width=\dimen125
)
(c:/Users/melissa.monk/AppData/Roaming/TinyTeX/texmf-dist/tex/latex/oberdiek/gr
ffile.sty
Package: grffile 2017/06/30 v1.18 Extended file name support for graphics (HO)
Package grffile Info: Option `multidot' is set to `true'.
Package grffile Info: Option `extendedchars' is set to `false'.
Package grffile Info: Option `space' is set to `true'.
Package grffile Info: \Gin@ii of package `graphicx' fixed on input line 494.
)
(c:/Users/melissa.monk/AppData/Roaming/TinyTeX/texmf-dist/tex/latex/titling/tit
ling.sty
Package: titling 2009/09/04 v2.1d maketitle typesetting
\thanksmarkwidth=\skip47
\thanksmargin=\skip48
\droptitle=\skip49
)
(c:/Users/melissa.monk/AppData/Roaming/TinyTeX/texmf-dist/tex/latex/tools/tabul
arx.sty
Package: tabularx 2016/02/03 v2.11b `tabularx' package (DPC)

(c:/Users/melissa.monk/AppData/Roaming/TinyTeX/texmf-dist/tex/latex/tools/array
.sty
Package: array 2018/04/30 v2.4h Tabular extension package (FMi)
\col@sep=\dimen126
\ar@mcellbox=\box28
\extrarowheight=\dimen127
\NC@list=\toks22
\extratabsurround=\skip50
\backup@length=\skip51
\ar@cellbox=\box29
)
\TX@col@width=\dimen128
\TX@old@table=\dimen129
\TX@old@col=\dimen130
\TX@target=\dimen131
\TX@delta=\dimen132
\TX@cols=\count113
\TX@ftn=\toks23
)
(c:/Users/melissa.monk/AppData/Roaming/TinyTeX/texmf-dist/tex/latex/caption/cap
tion.sty
Package: caption 2018/10/06 v3.3-154 Customizing captions (AR)

(c:/Users/melissa.monk/AppData/Roaming/TinyTeX/texmf-dist/tex/latex/caption/cap
tion3.sty
Package: caption3 2018/09/12 v1.8c caption3 kernel (AR)
Package caption3 Info: TeX engine: e-TeX on input line 64.
\captionmargin=\dimen133
\captionmargin@=\dimen134
\captionwidth=\dimen135
\caption@tempdima=\dimen136
\caption@indent=\dimen137
\caption@parindent=\dimen138
\caption@hangindent=\dimen139
)
\c@caption@flags=\count114
\c@ContinuedFloat=\count115
Package caption Info: hyperref package is loaded.
)
(c:/Users/melissa.monk/AppData/Roaming/TinyTeX/texmf-dist/tex/latex/tools/longt
able.sty
Package: longtable 2014/10/28 v4.11 Multi-page Table package (DPC)
\LTleft=\skip52
\LTright=\skip53
\LTpre=\skip54
\LTpost=\skip55
\LTchunksize=\count116
\LTcapwidth=\dimen140
\LT@head=\box30
\LT@firsthead=\box31
\LT@foot=\box32
\LT@lastfoot=\box33
\LT@cols=\count117
\LT@rows=\count118
\c@LT@tables=\count119
\c@LT@chunks=\count120
\LT@p@ftn=\toks24
)
(c:/Users/melissa.monk/AppData/Roaming/TinyTeX/texmf-dist/tex/latex/graphics/ro
tating.sty
Package: rotating 2016/08/11 v2.16d rotated objects in LaTeX

(c:/Users/melissa.monk/AppData/Roaming/TinyTeX/texmf-dist/tex/latex/base/ifthen
.sty
Package: ifthen 2014/09/29 v1.1c Standard LaTeX ifthen package (DPC)
)
\c@r@tfl@t=\count121
\rotFPtop=\skip56
\rotFPbot=\skip57
\rot@float@box=\box34
\rot@mess@toks=\toks25
)
(c:/Users/melissa.monk/AppData/Roaming/TinyTeX/texmf-dist/tex/latex/float/float
.sty
Package: float 2001/11/08 v1.3d Float enhancements (AL)
\c@float@type=\count122
\float@exts=\toks26
\float@box=\box35
\@float@everytoks=\toks27
\@floatcapt=\box36
)
(c:/Users/melissa.monk/AppData/Roaming/TinyTeX/texmf-dist/tex/latex/placeins/pl
aceins.sty
Package: placeins 2005/04/18  v 2.2
)
(c:/Users/melissa.monk/AppData/Roaming/TinyTeX/texmf-dist/tex/latex/tools/inden
tfirst.sty
Package: indentfirst 1995/11/23 v1.03 Indent first paragraph (DPC)
)
(c:/Users/melissa.monk/AppData/Roaming/TinyTeX/texmf-dist/tex/latex/mdwtools/md
wtab.sty
Package: mdwtab 1998/04/28 1.9 Table typesetting with style
\tab@state=\count123
\tab@columns=\count124
\tab@preamble=\toks28
\tab@shortline=\toks29
\extrarowheight=\dimen141
\tabextrasep=\dimen142
\arrayextrasep=\dimen143
\smarraycolsep=\dimen144
\smarrayextrasep=\dimen145
\tab@width=\dimen146
\col@sep=\dimen147
\tab@endheight=\dimen148
\tab@leftskip=\skip58
\tab@rightskip=\skip59
\fn@notes=\box37
\fn@width=\dimen149
)
(c:/Users/melissa.monk/AppData/Roaming/TinyTeX/texmf-dist/tex/latex/tools/enume
rate.sty
Package: enumerate 2015/07/23 v3.00 enumerate extensions (DPC)
\@enLab=\toks30
)
Package hyperref Info: Option `colorlinks' set `true' on input line 90.

(c:/Users/melissa.monk/AppData/Roaming/TinyTeX/texmf-dist/tex/latex/xcolor/xcol
or.sty
Package: xcolor 2016/05/11 v2.12 LaTeX color extensions (UK)

(c:/Users/melissa.monk/AppData/Roaming/TinyTeX/texmf-dist/tex/latex/graphics-cf
g/color.cfg
File: color.cfg 2016/01/02 v1.6 sample color configuration
)
Package xcolor Info: Package option `usenames' ignored on input line 216.
Package xcolor Info: Driver file: pdftex.def on input line 225.
Package xcolor Info: Model `cmy' substituted by `cmy0' on input line 1348.
Package xcolor Info: Model `hsb' substituted by `rgb' on input line 1352.
Package xcolor Info: Model `RGB' extended on input line 1364.
Package xcolor Info: Model `HTML' substituted by `rgb' on input line 1366.
Package xcolor Info: Model `Hsb' substituted by `hsb' on input line 1367.
Package xcolor Info: Model `tHsb' substituted by `hsb' on input line 1368.
Package xcolor Info: Model `HSB' substituted by `hsb' on input line 1369.
Package xcolor Info: Model `Gray' substituted by `gray' on input line 1370.
Package xcolor Info: Model `wave' substituted by `hsb' on input line 1371.

(c:/Users/melissa.monk/AppData/Roaming/TinyTeX/texmf-dist/tex/latex/graphics/dv
ipsnam.def
File: dvipsnam.def 2016/06/17 v3.0m Driver-dependent file (DPC,SPQR)
))
(c:/Users/melissa.monk/AppData/Roaming/TinyTeX/texmf-dist/tex/latex/soul/soul.s
ty
Package: soul 2003/11/17 v2.4 letterspacing/underlining (mf)
\SOUL@word=\toks31
\SOUL@lasttoken=\toks32
\SOUL@cmds=\toks33
\SOUL@buffer=\toks34
\SOUL@token=\toks35
\SOUL@spaceskip=\skip60
\SOUL@ttwidth=\dimen150
\SOUL@uldp=\dimen151
\SOUL@ulht=\dimen152
)
(c:/Users/melissa.monk/AppData/Roaming/TinyTeX/texmf-dist/tex/latex/enumitem/en
umitem.sty
Package: enumitem 2011/09/28 v3.5.2 Customized lists
\labelindent=\skip61
\enit@outerparindent=\dimen153
\enit@toks=\toks36
\enit@inbox=\box38
\enitdp@description=\count125
)
(c:/Users/melissa.monk/AppData/Roaming/TinyTeX/texmf-dist/tex/latex/lineno/line
no.sty
Package: lineno 2005/11/02 line numbers on paragraphs v4.41
\linenopenalty=\count126
\output=\toks37
\linenoprevgraf=\count127
\linenumbersep=\dimen154
\linenumberwidth=\dimen155
\c@linenumber=\count128
\c@pagewiselinenumber=\count129
\c@LN@truepage=\count130
\c@internallinenumber=\count131
\c@internallinenumbers=\count132
\quotelinenumbersep=\dimen156
\bframerule=\dimen157
\bframesep=\dimen158
\bframebox=\box39
LaTeX Info: Redefining \\ on input line 3056.
)
(c:/Users/melissa.monk/AppData/Roaming/TinyTeX/texmf-dist/tex/latex/tools/verba
tim.sty
Package: verbatim 2014/10/28 v1.5q LaTeX2e package for verbatim enhancements
\every@verbatim=\toks38
\verbatim@line=\toks39
\verbatim@in@stream=\read1
)
(c:/Users/melissa.monk/AppData/Roaming/TinyTeX/texmf-dist/tex/latex/fancyvrb/fa
ncyvrb.sty
Package: fancyvrb 2008/02/07

Style option: `fancyvrb' v2.7a, with DG/SPQR fixes, and firstline=lastline fix 
<2008/02/07> (tvz)
\FV@CodeLineNo=\count133
\FV@InFile=\read2
\FV@TabBox=\box40
\c@FancyVerbLine=\count134
\FV@StepNumber=\count135
\FV@OutFile=\write3
)
(c:/Users/melissa.monk/AppData/Roaming/TinyTeX/texmf-dist/tex/latex/base/textco
mp.sty
Package: textcomp 2017/04/05 v2.0i Standard LaTeX package
Package textcomp Info: Sub-encoding information:
(textcomp)               5 = only ISO-Adobe without \textcurrency
(textcomp)               4 = 5 + \texteuro
(textcomp)               3 = 4 + \textohm
(textcomp)               2 = 3 + \textestimated + \textcurrency
(textcomp)               1 = TS1 - \textcircled - \t
(textcomp)               0 = TS1 (full)
(textcomp)             Font families with sub-encoding setting implement
(textcomp)             only a restricted character set as indicated.
(textcomp)             Family '?' is the default used for unknown fonts.
(textcomp)             See the documentation for details.
Package textcomp Info: Setting ? sub-encoding to TS1/1 on input line 79.

(c:/Users/melissa.monk/AppData/Roaming/TinyTeX/texmf-dist/tex/latex/base/ts1enc
.def
File: ts1enc.def 2001/06/05 v3.0e (jk/car/fm) Standard LaTeX file
Now handling font encoding TS1 ...
... processing UTF-8 mapping file for font encoding TS1

(c:/Users/melissa.monk/AppData/Roaming/TinyTeX/texmf-dist/tex/latex/base/ts1enc
.dfu
File: ts1enc.dfu 2018/04/05 v1.2c UTF-8 support for inputenc
   defining Unicode char U+00A2 (decimal 162)
   defining Unicode char U+00A3 (decimal 163)
   defining Unicode char U+00A4 (decimal 164)
   defining Unicode char U+00A5 (decimal 165)
   defining Unicode char U+00A6 (decimal 166)
   defining Unicode char U+00A7 (decimal 167)
   defining Unicode char U+00A8 (decimal 168)
   defining Unicode char U+00A9 (decimal 169)
   defining Unicode char U+00AA (decimal 170)
   defining Unicode char U+00AC (decimal 172)
   defining Unicode char U+00AE (decimal 174)
   defining Unicode char U+00AF (decimal 175)
   defining Unicode char U+00B0 (decimal 176)
   defining Unicode char U+00B1 (decimal 177)
   defining Unicode char U+00B2 (decimal 178)
   defining Unicode char U+00B3 (decimal 179)
   defining Unicode char U+00B4 (decimal 180)
   defining Unicode char U+00B5 (decimal 181)
   defining Unicode char U+00B6 (decimal 182)
   defining Unicode char U+00B7 (decimal 183)
   defining Unicode char U+00B9 (decimal 185)
   defining Unicode char U+00BA (decimal 186)
   defining Unicode char U+00BC (decimal 188)
   defining Unicode char U+00BD (decimal 189)
   defining Unicode char U+00BE (decimal 190)
   defining Unicode char U+00D7 (decimal 215)
   defining Unicode char U+00F7 (decimal 247)
   defining Unicode char U+0192 (decimal 402)
   defining Unicode char U+02C7 (decimal 711)
   defining Unicode char U+02D8 (decimal 728)
   defining Unicode char U+02DD (decimal 733)
   defining Unicode char U+0E3F (decimal 3647)
   defining Unicode char U+2016 (decimal 8214)
   defining Unicode char U+2020 (decimal 8224)
   defining Unicode char U+2021 (decimal 8225)
   defining Unicode char U+2022 (decimal 8226)
   defining Unicode char U+2030 (decimal 8240)
   defining Unicode char U+2031 (decimal 8241)
   defining Unicode char U+203B (decimal 8251)
   defining Unicode char U+203D (decimal 8253)
   defining Unicode char U+2044 (decimal 8260)
   defining Unicode char U+204E (decimal 8270)
   defining Unicode char U+2052 (decimal 8274)
   defining Unicode char U+20A1 (decimal 8353)
   defining Unicode char U+20A4 (decimal 8356)
   defining Unicode char U+20A6 (decimal 8358)
   defining Unicode char U+20A9 (decimal 8361)
   defining Unicode char U+20AB (decimal 8363)
   defining Unicode char U+20AC (decimal 8364)
   defining Unicode char U+20B1 (decimal 8369)
   defining Unicode char U+2103 (decimal 8451)
   defining Unicode char U+2116 (decimal 8470)
   defining Unicode char U+2117 (decimal 8471)
   defining Unicode char U+211E (decimal 8478)
   defining Unicode char U+2120 (decimal 8480)
   defining Unicode char U+2122 (decimal 8482)
   defining Unicode char U+2126 (decimal 8486)
   defining Unicode char U+2127 (decimal 8487)
   defining Unicode char U+212E (decimal 8494)
   defining Unicode char U+2190 (decimal 8592)
   defining Unicode char U+2191 (decimal 8593)
   defining Unicode char U+2192 (decimal 8594)
   defining Unicode char U+2193 (decimal 8595)
   defining Unicode char U+2329 (decimal 9001)
   defining Unicode char U+232A (decimal 9002)
   defining Unicode char U+2422 (decimal 9250)
   defining Unicode char U+25E6 (decimal 9702)
   defining Unicode char U+25EF (decimal 9711)
   defining Unicode char U+266A (decimal 9834)
   defining Unicode char U+FEFF (decimal 65279)
))
LaTeX Info: Redefining \oldstylenums on input line 334.
Package textcomp Info: Setting cmr sub-encoding to TS1/0 on input line 349.
Package textcomp Info: Setting cmss sub-encoding to TS1/0 on input line 350.
Package textcomp Info: Setting cmtt sub-encoding to TS1/0 on input line 351.
Package textcomp Info: Setting cmvtt sub-encoding to TS1/0 on input line 352.
Package textcomp Info: Setting cmbr sub-encoding to TS1/0 on input line 353.
Package textcomp Info: Setting cmtl sub-encoding to TS1/0 on input line 354.
Package textcomp Info: Setting ccr sub-encoding to TS1/0 on input line 355.
Package textcomp Info: Setting ptm sub-encoding to TS1/4 on input line 356.
Package textcomp Info: Setting pcr sub-encoding to TS1/4 on input line 357.
Package textcomp Info: Setting phv sub-encoding to TS1/4 on input line 358.
Package textcomp Info: Setting ppl sub-encoding to TS1/3 on input line 359.
Package textcomp Info: Setting pag sub-encoding to TS1/4 on input line 360.
Package textcomp Info: Setting pbk sub-encoding to TS1/4 on input line 361.
Package textcomp Info: Setting pnc sub-encoding to TS1/4 on input line 362.
Package textcomp Info: Setting pzc sub-encoding to TS1/4 on input line 363.
Package textcomp Info: Setting bch sub-encoding to TS1/4 on input line 364.
Package textcomp Info: Setting put sub-encoding to TS1/5 on input line 365.
Package textcomp Info: Setting uag sub-encoding to TS1/5 on input line 366.
Package textcomp Info: Setting ugq sub-encoding to TS1/5 on input line 367.
Package textcomp Info: Setting ul8 sub-encoding to TS1/4 on input line 368.
Package textcomp Info: Setting ul9 sub-encoding to TS1/4 on input line 369.
Package textcomp Info: Setting augie sub-encoding to TS1/5 on input line 370.
Package textcomp Info: Setting dayrom sub-encoding to TS1/3 on input line 371.
Package textcomp Info: Setting dayroms sub-encoding to TS1/3 on input line 372.

Package textcomp Info: Setting pxr sub-encoding to TS1/0 on input line 373.
Package textcomp Info: Setting pxss sub-encoding to TS1/0 on input line 374.
Package textcomp Info: Setting pxtt sub-encoding to TS1/0 on input line 375.
Package textcomp Info: Setting txr sub-encoding to TS1/0 on input line 376.
Package textcomp Info: Setting txss sub-encoding to TS1/0 on input line 377.
Package textcomp Info: Setting txtt sub-encoding to TS1/0 on input line 378.
Package textcomp Info: Setting lmr sub-encoding to TS1/0 on input line 379.
Package textcomp Info: Setting lmdh sub-encoding to TS1/0 on input line 380.
Package textcomp Info: Setting lmss sub-encoding to TS1/0 on input line 381.
Package textcomp Info: Setting lmssq sub-encoding to TS1/0 on input line 382.
Package textcomp Info: Setting lmvtt sub-encoding to TS1/0 on input line 383.
Package textcomp Info: Setting lmtt sub-encoding to TS1/0 on input line 384.
Package textcomp Info: Setting qhv sub-encoding to TS1/0 on input line 385.
Package textcomp Info: Setting qag sub-encoding to TS1/0 on input line 386.
Package textcomp Info: Setting qbk sub-encoding to TS1/0 on input line 387.
Package textcomp Info: Setting qcr sub-encoding to TS1/0 on input line 388.
Package textcomp Info: Setting qcs sub-encoding to TS1/0 on input line 389.
Package textcomp Info: Setting qpl sub-encoding to TS1/0 on input line 390.
Package textcomp Info: Setting qtm sub-encoding to TS1/0 on input line 391.
Package textcomp Info: Setting qzc sub-encoding to TS1/0 on input line 392.
Package textcomp Info: Setting qhvc sub-encoding to TS1/0 on input line 393.
Package textcomp Info: Setting futs sub-encoding to TS1/4 on input line 394.
Package textcomp Info: Setting futx sub-encoding to TS1/4 on input line 395.
Package textcomp Info: Setting futj sub-encoding to TS1/4 on input line 396.
Package textcomp Info: Setting hlh sub-encoding to TS1/3 on input line 397.
Package textcomp Info: Setting hls sub-encoding to TS1/3 on input line 398.
Package textcomp Info: Setting hlst sub-encoding to TS1/3 on input line 399.
Package textcomp Info: Setting hlct sub-encoding to TS1/5 on input line 400.
Package textcomp Info: Setting hlx sub-encoding to TS1/5 on input line 401.
Package textcomp Info: Setting hlce sub-encoding to TS1/5 on input line 402.
Package textcomp Info: Setting hlcn sub-encoding to TS1/5 on input line 403.
Package textcomp Info: Setting hlcw sub-encoding to TS1/5 on input line 404.
Package textcomp Info: Setting hlcf sub-encoding to TS1/5 on input line 405.
Package textcomp Info: Setting pplx sub-encoding to TS1/3 on input line 406.
Package textcomp Info: Setting pplj sub-encoding to TS1/3 on input line 407.
Package textcomp Info: Setting ptmx sub-encoding to TS1/4 on input line 408.
Package textcomp Info: Setting ptmj sub-encoding to TS1/4 on input line 409.
)
(c:/Users/melissa.monk/AppData/Roaming/TinyTeX/texmf-dist/tex/latex/graphics/ls
cape.sty
Package: lscape 2000/10/22 v3.01 Landscape Pages (DPC)
)
(c:/Users/melissa.monk/AppData/Roaming/TinyTeX/texmf-dist/tex/latex/cmap/cmap.s
ty
Package: cmap 2008/03/06 v1.0h CMap support: searchable PDF
)
(c:/Users/melissa.monk/AppData/Roaming/TinyTeX/texmf-dist/tex/latex/pdfcomment/
pdfcomment.sty
Package: pdfcomment 2016/06/13 pdfcomment.sty v2.4 - Josef Kleber (C) 2008-2012
, 2015-2016

(c:/Users/melissa.monk/AppData/Roaming/TinyTeX/texmf-dist/tex/latex/xkeyval/xke
yval.sty
Package: xkeyval 2014/12/03 v2.7a package option processing (HA)

(c:/Users/melissa.monk/AppData/Roaming/TinyTeX/texmf-dist/tex/generic/xkeyval/x
keyval.tex
(c:/Users/melissa.monk/AppData/Roaming/TinyTeX/texmf-dist/tex/generic/xkeyval/x
kvutils.tex
\XKV@toks=\toks40
\XKV@tempa@toks=\toks41
)
\XKV@depth=\count136
File: xkeyval.tex 2014/12/03 v2.7a key=value parser (HA)
))
\c@pc@count@i=\count137
\c@pc@count@ii=\count138
\c@pc@count@iii=\count139
\c@pc@count@iv=\count140
\pc@mathannot@box=\box41
\pc@nullbox=\box42
\pc@dima=\skip62
\pc@dimb=\skip63
\pc@Sposx=\skip64
\pc@Sposy=\skip65
\pc@Eposx=\skip66
\pc@Eposy=\skip67
\pc@column=\skip68
\pc@box@width=\skip69
\pc@box@height=\skip70
\pc@box@depth=\skip71

(c:/Users/melissa.monk/AppData/Roaming/TinyTeX/texmf-dist/tex/latex/etoolbox/et
oolbox.sty
Package: etoolbox 2018/08/19 v2.5f e-TeX tools for LaTeX (JAW)
\etb@tempcnta=\count141
)
(c:/Users/melissa.monk/AppData/Roaming/TinyTeX/texmf-dist/tex/latex/datetime2/d
atetime2.sty
Package: datetime2 2018/07/20 v1.5.3 (NLCT) date and time formats

(c:/Users/melissa.monk/AppData/Roaming/TinyTeX/texmf-dist/tex/latex/tracklang/t
racklang.sty
Package: tracklang 2018/05/13 v1.3.6 (NLCT) Track Languages

(c:/Users/melissa.monk/AppData/Roaming/TinyTeX/texmf-dist/tex/generic/tracklang
/tracklang.tex)))
(c:/Users/melissa.monk/AppData/Roaming/TinyTeX/texmf-dist/tex/latex/oberdiek/zr
ef-savepos.sty
Package: zref-savepos 2016/05/21 v2.26 Module savepos for zref (HO)

(c:/Users/melissa.monk/AppData/Roaming/TinyTeX/texmf-dist/tex/latex/oberdiek/zr
ef-base.sty
Package: zref-base 2016/05/21 v2.26 Module base for zref (HO)
Package zref Info: New property list: main on input line 759.
Package zref Info: New property: default on input line 760.
Package zref Info: New property: page on input line 761.
)
Package zref Info: New property list: savepos on input line 80.
Package zref Info: New property: posx on input line 81.
Package zref Info: New property: posy on input line 82.
)
\c@zref@unique=\count142

(c:/Users/melissa.monk/AppData/Roaming/TinyTeX/texmf-dist/tex/latex/tools/calc.
sty
Package: calc 2017/05/25 v4.3 Infix arithmetic (KKT,FJ)
\calc@Acount=\count143
\calc@Bcount=\count144
\calc@Adimen=\dimen159
\calc@Bdimen=\dimen160
\calc@Askip=\skip72
\calc@Bskip=\skip73
LaTeX Info: Redefining \setlength on input line 80.
LaTeX Info: Redefining \addtolength on input line 81.
\calc@Ccount=\count145
\calc@Cskip=\skip74
)
(c:/Users/melissa.monk/AppData/Roaming/TinyTeX/texmf-dist/tex/latex/marginnote/
marginnote.sty
Package: marginnote 2018/08/09 v1.4b non floating margin notes for LaTeX
\c@mn@abspage=\count146
)
(c:/Users/melissa.monk/AppData/Roaming/TinyTeX/texmf-dist/tex/latex/bezos/soulp
os.sty
Package: soulpos 2012/02/25 v1.0 Fancy underlining
\ulp@subcnt=\count147
\ulp@cnt=\count148
\ulp@out=\write4
\ulp@in=\read3
\ulwidth=\dimen161
)

Package hyperref Warning: Option `pdftex' has already been used,
(hyperref)                setting the option has no effect on input line 1359.

Package zref Info: New property list: pdfcomment on input line 2724.
Package zref Info: New property: PCPDFOBJID on input line 2725.
)
(c:/Users/melissa.monk/AppData/Roaming/TinyTeX/texmf-dist/tex/latex/nag/nag.sty
Package: nag 2011/11/25 0.7 warning about old commands (ulmi)
\c@nag@c=\count149
\c@nag@sins=\count150
Package nag Info: Loaded nag-l2tabu.cfg  on input line 552.

(c:/Users/melissa.monk/AppData/Roaming/TinyTeX/texmf-dist/tex/latex/nag/nag-l2t
abu.cfg
File: nag-l2tabu.cfg 2010/05/17 v2.11 l2tabu rules for nag.sty (ulmi)
)
Package nag Info: Loaded nag-orthodox.cfg  on input line 552.

(c:/Users/melissa.monk/AppData/Roaming/TinyTeX/texmf-dist/tex/latex/nag/nag-ort
hodox.cfg
File: nag-orthodox.cfg 2006/04/19 v1.8 strict rules for nag.sty (ulmi)
))
(c:/Users/melissa.monk/AppData/Roaming/TinyTeX/texmf-dist/tex/latex/showlabels/
showlabels.sty
Package: showlabels 2016/06/09 v1.8
Package: `showlabels' v1.8 <2016/06/09>
with amsmath equation tags
\SL@labelposition=\count151
)
(c:/Users/melissa.monk/AppData/Roaming/TinyTeX/texmf-dist/tex/latex/booktabs/bo
oktabs.sty
Package: booktabs 2016/04/27 v1.618033 publication quality tables
\heavyrulewidth=\dimen162
\lightrulewidth=\dimen163
\cmidrulewidth=\dimen164
\belowrulesep=\dimen165
\belowbottomsep=\dimen166
\aboverulesep=\dimen167
\abovetopsep=\dimen168
\cmidrulesep=\dimen169
\cmidrulekern=\dimen170
\defaultaddspace=\dimen171
\@cmidla=\count152
\@cmidlb=\count153
\@aboverulesep=\dimen172
\@belowrulesep=\dimen173
\@thisruleclass=\count154
\@lastruleclass=\count155
\@thisrulewidth=\dimen174
) (./00_Assessment_Compile.aux

LaTeX Warning: Label `tab:CommCatches' multiply defined.


LaTeX Warning: Label `tab:Rec_removal' multiply defined.


LaTeX Warning: Label `tab:Timeseries_mod1' multiply defined.

)
\openout1 = `00_Assessment_Compile.aux'.

LaTeX Font Info:    Checking defaults for OML/cmm/m/it on input line 129.
LaTeX Font Info:    ... okay on input line 129.
LaTeX Font Info:    Checking defaults for T1/cmr/m/n on input line 129.
LaTeX Font Info:    ... okay on input line 129.
LaTeX Font Info:    Checking defaults for OT1/cmr/m/n on input line 129.
LaTeX Font Info:    ... okay on input line 129.
LaTeX Font Info:    Checking defaults for OMS/cmsy/m/n on input line 129.
LaTeX Font Info:    ... okay on input line 129.
LaTeX Font Info:    Checking defaults for OMX/cmex/m/n on input line 129.
LaTeX Font Info:    ... okay on input line 129.
LaTeX Font Info:    Checking defaults for U/cmr/m/n on input line 129.
LaTeX Font Info:    ... okay on input line 129.
LaTeX Font Info:    Checking defaults for PD1/pdf/m/n on input line 129.
LaTeX Font Info:    ... okay on input line 129.
LaTeX Font Info:    Checking defaults for PU/pdf/m/n on input line 129.
LaTeX Font Info:    ... okay on input line 129.
LaTeX Font Info:    Checking defaults for TS1/cmr/m/n on input line 129.
LaTeX Font Info:    Try loading font information for TS1+cmr on input line 129.


(c:/Users/melissa.monk/AppData/Roaming/TinyTeX/texmf-dist/tex/latex/base/ts1cmr
.fd
File: ts1cmr.fd 2014/09/29 v2.5h Standard LaTeX font definitions
)
LaTeX Font Info:    ... okay on input line 129.
*geometry* driver: auto-detecting
*geometry* detected driver: pdftex
*geometry* verbose mode - [ preamble ] result:
* driver: pdftex
* paper: <default>
* layout: <same size as paper>
* layoutoffset:(h,v)=(0.0pt,0.0pt)
* modes: 
* h-part:(L,W,R)=(72.26999pt, 469.75502pt, 72.26999pt)
* v-part:(T,H,B)=(72.26999pt, 650.43001pt, 72.26999pt)
* \paperwidth=614.295pt
* \paperheight=794.96999pt
* \textwidth=469.75502pt
* \textheight=650.43001pt
* \oddsidemargin=0.0pt
* \evensidemargin=0.0pt
* \topmargin=-37.0pt
* \headheight=12.0pt
* \headsep=25.0pt
* \topskip=12.0pt
* \footskip=30.0pt
* \marginparwidth=44.0pt
* \marginparsep=10.0pt
* \columnsep=10.0pt
* \skip\footins=10.8pt plus 4.0pt minus 2.0pt
* \hoffset=0.0pt
* \voffset=0.0pt
* \mag=1000
* \@twocolumnfalse
* \@twosidefalse
* \@mparswitchfalse
* \@reversemarginfalse
* (1in=72.27pt=25.4mm, 1cm=28.453pt)

\AtBeginShipoutBox=\box43
Package hyperref Info: Link coloring ON on input line 129.

(c:/Users/melissa.monk/AppData/Roaming/TinyTeX/texmf-dist/tex/latex/hyperref/na
meref.sty
Package: nameref 2016/05/21 v2.44 Cross-referencing by name of section

(c:/Users/melissa.monk/AppData/Roaming/TinyTeX/texmf-dist/tex/generic/oberdiek/
gettitlestring.sty
Package: gettitlestring 2016/05/16 v1.5 Cleanup title references (HO)
)
\c@section@level=\count156
)
LaTeX Info: Redefining \ref on input line 129.
LaTeX Info: Redefining \pageref on input line 129.
LaTeX Info: Redefining \nameref on input line 129.
(./00_Assessment_Compile.out) (./00_Assessment_Compile.out)
\@outlinefile=\write5
\openout5 = `00_Assessment_Compile.out'.


(c:/Users/melissa.monk/AppData/Roaming/TinyTeX/texmf-dist/tex/latex/oberdiek/ep
stopdf-base.sty
Package: epstopdf-base 2016/05/15 v2.6 Base part for package epstopdf

(c:/Users/melissa.monk/AppData/Roaming/TinyTeX/texmf-dist/tex/latex/oberdiek/gr
fext.sty
Package: grfext 2016/05/16 v1.2 Manage graphics extensions (HO)
)
Package epstopdf-base Info: Redefining graphics rule for `.eps' on input line 4
38.
Package grfext Info: Graphics extension search list:
(grfext)             [.pdf,.png,.jpg,.mps,.jpeg,.jbig2,.jb2,.PDF,.PNG,.JPG,.JPE
G,.JBIG2,.JB2,.eps]
(grfext)             \AppendGraphicsExtensions on input line 456.

(c:/Users/melissa.monk/AppData/Roaming/TinyTeX/texmf-dist/tex/latex/latexconfig
/epstopdf-sys.cfg
File: epstopdf-sys.cfg 2010/07/13 v1.3 Configuration of (r)epstopdf for TeX Liv
e
))
Package caption Info: Begin \AtBeginDocument code.
Package caption Info: float package is loaded.
Package caption Info: longtable package is loaded.

(c:/Users/melissa.monk/AppData/Roaming/TinyTeX/texmf-dist/tex/latex/caption/ltc
aption.sty
Package: ltcaption 2018/08/26 v1.4-95 longtable captions (AR)
)
Package caption Info: rotating package is loaded.
Package caption Info: End \AtBeginDocument code.
Package nag Info: Command \frontmatter not defined, skipping amendment on input
 line 129.
Package nag Info: Command \mainmatter not defined, skipping amendment on input 
line 129.
Package nag Info: Command \backmatter not defined, skipping amendment on input 
line 129.
Package nag Info: Command \RaggedLeft not defined, skipping amendment on input 
line 129.
Package nag Info: Command \RaggedRight not defined, skipping amendment on input
 line 129.
Package nag Info: Command \captionabove not defined, skipping amendment on inpu
t line 129.
Package nag Info: Command \captionbelow not defined, skipping amendment on inpu
t line 129.
Package nag Info: Command \hc@caption not defined, skipping amendment on input 
line 129.
Package nag Info: Command \topcaption not defined, skipping amendment on input 
line 129.
<<ot1.cmap>>
<cover_photo.png, id=274, 668.7384pt x 191.2746pt>
File: cover_photo.png Graphic file (type png)
<use cover_photo.png>
Package pdftex.def Info: cover_photo.png  used on input line 140.
(pdftex.def)             Requested size: 469.76675pt x 134.3641pt.
File: cover_photo.png Graphic file (type png)
<use cover_photo.png>
Package pdftex.def Info: cover_photo.png  used on input line 140.
(pdftex.def)             Requested size: 469.76675pt x 134.3641pt.
File: cover_photo.png Graphic file (type png)
<use cover_photo.png>
Package pdftex.def Info: cover_photo.png  used on input line 140.
(pdftex.def)             Requested size: 469.76675pt x 134.3641pt.
File: cover_photo.png Graphic file (type png)
<use cover_photo.png>
Package pdftex.def Info: cover_photo.png  used on input line 140.
(pdftex.def)             Requested size: 469.76675pt x 134.3641pt.
LaTeX Font Info:    Try loading font information for U+msa on input line 148.

(c:/Users/melissa.monk/AppData/Roaming/TinyTeX/texmf-dist/tex/latex/amsfonts/um
sa.fd
File: umsa.fd 2013/01/14 v3.01 AMS symbols A
)
LaTeX Font Info:    Try loading font information for U+msb on input line 148.

(c:/Users/melissa.monk/AppData/Roaming/TinyTeX/texmf-dist/tex/latex/amsfonts/um
sb.fd
File: umsb.fd 2013/01/14 v3.01 AMS symbols B
) [1

\openout4 = `00_Assessment_Compile.upa'.

{c:/Users/melissa.monk/AppData/Roaming/TinyTeX/texmf-var/fonts/map/pdftex/updma
p/pdftex.map} <./cover_photo.png>] [2] (./00_Assessment_Compile.toc
Overfull \hbox (0.71802pt too wide) detected at line 11
 [][][]\OT1/cmr/m/n/12 xvii[][]
 []


Overfull \hbox (0.71802pt too wide) detected at line 12
 [][][]\OT1/cmr/m/n/12 xvii[][]
 []


Overfull \hbox (0.71802pt too wide) detected at line 13
 [][][]\OT1/cmr/m/n/12 xxii[][]
 []

[1] [2])
\tf@toc=\write6
\openout6 = `00_Assessment_Compile.toc'.

[3]<<ot1tt.cmap>>
<Figures/rec_exec.png, id=380, 433.62pt x 289.08pt>
File: Figures/rec_exec.png Graphic file (type png)
<use Figures/rec_exec.png>
Package pdftex.def Info: Figures/rec_exec.png  used on input line 242.
(pdftex.def)             Requested size: 433.63878pt x 289.09251pt.
<Figures/comm_exec.png, id=381, 433.62pt x 289.08pt>
File: Figures/comm_exec.png Graphic file (type png)
<use Figures/comm_exec.png>
Package pdftex.def Info: Figures/comm_exec.png  used on input line 249.
(pdftex.def)             Requested size: 433.63878pt x 289.09251pt.
pdfTeX warning (ext4): destination with the same identifier (name{page.i}) has 
been already used, duplicate ignored
<to be read again> 
                   \relax 
l.255 \FloatBarrier
                    [1]
Package marginnote Info: Using workaround for absolute page number on input lin
e 255.
pdfTeX warning (ext4): destination with the same identifier (name{page.ii}) has
 been already used, duplicate ignored
<to be read again> 
                   \relax 
l.255 \FloatBarrier
                    [2 <./Figures/Rec_exec.png>]pdfTeX warning (ext4): destinat
ion with the same identifier (name{page.iii}) has been already used, duplicate 
ignored
<to be read again> 
                   \relax 
l.255 \FloatBarrier
                    [3 <./Figures/comm_exec.png>]
<r4ss/plots_mod1/catch2 landings stacked.png, id=400, 469.755pt x 361.35pt>
File: r4ss/plots_mod1/catch2 landings stacked.png Graphic file (type png)
<use r4ss/plots_mod1/catch2 landings stacked.png>
Package pdftex.def Info: r4ss/plots_mod1/catch2 landings stacked.png  used on i
nput line 259.
(pdftex.def)             Requested size: 469.75386pt x 361.34912pt.
[4

] [5 <./r4ss/plots_mod1/catch2 landings stacked.png>]
<Figures/assess_region_map.png, id=414, 614.295pt x 794.97pt>
File: Figures/assess_region_map.png Graphic file (type png)
<use Figures/assess_region_map.png>
Package pdftex.def Info: Figures/assess_region_map.png  used on input line 340.

(pdftex.def)             Requested size: 469.75604pt x 607.9196pt.

LaTeX Warning: Float too large for page by 10.98958pt on input line 345.

[6] [7 <./Figures/assess_region_map.png (PNG copy)>]
<r4ss/plots_mod1/ts7_Spawning_output_with_95_asymptotic_intervals_intervals.png
, id=429, 469.755pt x 361.35pt>
File: r4ss/plots_mod1/ts7_Spawning_output_with_95_asymptotic_intervals_interval
s.png Graphic file (type png)
<use r4ss/plots_mod1/ts7_Spawning_output_with_95_asymptotic_intervals_intervals
.png>
Package pdftex.def Info: r4ss/plots_mod1/ts7_Spawning_output_with_95_asymptotic
_intervals_intervals.png  used on input line 394.
(pdftex.def)             Requested size: 469.75386pt x 361.34912pt.
<r4ss/plots_mod1/ts9_Fraction_of_unfished_with_95_asymptotic_intervals_interval
s.png, id=430, 469.755pt x 361.35pt>
File: r4ss/plots_mod1/ts9_Fraction_of_unfished_with_95_asymptotic_intervals_int
ervals.png Graphic file (type png)
<use r4ss/plots_mod1/ts9_Fraction_of_unfished_with_95_asymptotic_intervals_inte
rvals.png>
Package pdftex.def Info: r4ss/plots_mod1/ts9_Fraction_of_unfished_with_95_asymp
totic_intervals_intervals.png  used on input line 402.
(pdftex.def)             Requested size: 469.75386pt x 361.34912pt.
[8] [9 <./r4ss/plots_mod1/ts7_Spawning_output_with_95_asymptotic_intervals_inte
rvals.png>] [10 <./r4ss/plots_mod1/ts9_Fraction_of_unfished_with_95_asymptotic_
intervals_intervals.png>]
<r4ss/plots_mod1/ts11_Age-0_recruits_(1000s)_with_95_asymptotic_intervals.png, 
id=451, 469.755pt x 361.35pt>
File: r4ss/plots_mod1/ts11_Age-0_recruits_(1000s)_with_95_asymptotic_intervals.
png Graphic file (type png)
<use r4ss/plots_mod1/ts11_Age-0_recruits_(1000s)_with_95_asymptotic_intervals.p
ng>
Package pdftex.def Info: r4ss/plots_mod1/ts11_Age-0_recruits_(1000s)_with_95_as
ymptotic_intervals.png  used on input line 444.
(pdftex.def)             Requested size: 469.75386pt x 361.34912pt.
[11] [12 <./r4ss/plots_mod1/ts11_Age-0_recruits_(1000s)_with_95_asymptotic_inte
rvals.png>]
<r4ss/plots_mod1/SPR2_minusSPRseries.png, id=466, 469.755pt x 361.35pt>
File: r4ss/plots_mod1/SPR2_minusSPRseries.png Graphic file (type png)
<use r4ss/plots_mod1/SPR2_minusSPRseries.png>
Package pdftex.def Info: r4ss/plots_mod1/SPR2_minusSPRseries.png  used on input
 line 496.
(pdftex.def)             Requested size: 469.75386pt x 361.34912pt.
[13] [14 <./r4ss/plots_mod1/SPR2_minusSPRseries.png>]
Overfull \hbox (7.6013pt too wide) in paragraph at lines 543--543
 []\OT1/cmr/bx/n/12 Estimate
 []


Overfull \hbox (8.97353pt too wide) in paragraph at lines 541--568
 [][] 
 []

[15] [16] [17]
<r4ss/plots_mod1/yield1_yield_curve.png, id=506, 469.755pt x 361.35pt>
File: r4ss/plots_mod1/yield1_yield_curve.png Graphic file (type png)
<use r4ss/plots_mod1/yield1_yield_curve.png>
Package pdftex.def Info: r4ss/plots_mod1/yield1_yield_curve.png  used on input 
line 783.
(pdftex.def)             Requested size: 469.75386pt x 361.34912pt.
[18] [19 <./r4ss/plots_mod1/yield1_yield_curve.png>] [20] [21] [22

]pdfTeX warning (ext4): destination with the same identifier (name{page.1}) has
 been already used, duplicate ignored
<to be read again> 
                   \relax 
l.916 
       [1]
LaTeX Font Info:    Try loading font information for OML+cmr on input line 938.


(c:/Users/melissa.monk/AppData/Roaming/TinyTeX/texmf-dist/tex/latex/base/omlcmr
.fd
File: omlcmr.fd 2014/09/29 v2.5h Standard LaTeX font definitions
)
LaTeX Font Info:    Font shape `OML/cmr/m/n' in size <12> not available
(Font)              Font shape `OML/cmm/m/it' tried instead on input line 938.
pdfTeX warning (ext4): destination with the same identifier (name{page.2}) has 
been already used, duplicate ignored
<to be read again> 
                   \relax 
l.976 
       [2] [3] [4] [5] [6] [7] [8] [9] [10] [11] [12] [13] [14] [15] [16] [17] 
[18] [19] [20] [21] [22] [23] [24] [25] [26] [27]
Underfull \hbox (badness 10000) in paragraph at lines 2484--2485

 []

[28] [29] [30] [31] [32] [33]
Underfull \hbox (badness 3482) in paragraph at lines 2767--2781
\OT1/cmr/m/n/12 conditional-age-at-length (CAAL) com-po-si-tions were re-weight
ed us-ing the Ianelli-
 []

[34] [35] [36] [37]
Underfull \hbox (badness 10000) in paragraph at lines 3011--3012

 []

[38]
Underfull \hbox (badness 10000) in paragraph at lines 3027--3028

 []


Underfull \hbox (badness 10000) in paragraph at lines 3045--3046

 []


Underfull \hbox (badness 10000) in paragraph at lines 3053--3054

 []


Underfull \hbox (badness 10000) in paragraph at lines 3071--3072

 []

[39]
Underfull \hbox (badness 10000) in paragraph at lines 3077--3078

 []


Underfull \hbox (badness 10000) in paragraph at lines 3089--3090

 []


Underfull \hbox (badness 10000) in paragraph at lines 3100--3101

 []


Underfull \hbox (badness 10000) in paragraph at lines 3113--3114

 []

[40]
Underfull \hbox (badness 10000) in paragraph at lines 3125--3126

 []


Underfull \hbox (badness 10000) in paragraph at lines 3146--3147

 []


Underfull \hbox (badness 10000) in paragraph at lines 3156--3157

 []

[41] [42] [43] [44] [45] [46] [47] [48]
Underfull \vbox (badness 10000) detected at line 3564
 []

[49] [50] [51] [52]
Underfull \vbox (badness 10000) detected at line 3752
 []

[53

] [54] [55] [56]
Overfull \hbox (11.4918pt too wide) in paragraph at lines 3873--3873
[]\OT1/cmr/m/n/12 Fleet 
 []

[57

]
Overfull \hbox (1.69913pt too wide) in paragraph at lines 3938--3939
 [][] 
 []

[58] [59


] [60] [61

] [62] [63

] [64] [65] [66] [67


] [68]
Underfull \hbox (badness 6157) in paragraph at lines 4389--4390
[]\OT1/cmr/m/n/12 Log[]Norm (-1.6458,
 []


Underfull \vbox (badness 10000) detected at line 4409
 []

[69

] [70] [71] [72] [73


]
Overfull \hbox (5.92178pt too wide) in paragraph at lines 4525--4525
 []\OT1/cmr/m/n/12 Spawning 
 []


Overfull \hbox (6.0829pt too wide) in paragraph at lines 4525--4525
 []\OT1/cmr/m/n/12 Depletion 
 []


Overfull \hbox (5.92178pt too wide) in paragraph at lines 4528--4528
 []\OT1/cmr/m/n/12 Spawning 
 []


Overfull \hbox (6.0829pt too wide) in paragraph at lines 4528--4528
 []\OT1/cmr/m/n/12 Depletion 
 []


Underfull \vbox (badness 10000) detected at line 4551
 []

[74] [75] [76] [77]
Overfull \hbox (12.61586pt too wide) in paragraph at lines 4690--4714
 [][] 
 []

[78

] [79]
File: Figures/assess_region_map.png Graphic file (type png)
<use Figures/assess_region_map.png>
Package pdftex.def Info: Figures/assess_region_map.png  used on input line 4767
.
(pdftex.def)             Requested size: 469.75604pt x 607.9196pt.
<Figures/Catches_livedeadNS_gby.png, id=1318, 433.62pt x 289.08pt>
File: Figures/Catches_livedeadNS_gby.png Graphic file (type png)
<use Figures/Catches_livedeadNS_gby.png>
Package pdftex.def Info: Figures/Catches_livedeadNS_gby.png  used on input line
 4775.
(pdftex.def)             Requested size: 433.63878pt x 289.09251pt.
<Figures/GBY_revenue.png, id=1319, 433.62pt x 289.08pt>
File: Figures/GBY_revenue.png Graphic file (type png)
<use Figures/GBY_revenue.png>
Package pdftex.def Info: Figures/GBY_revenue.png  used on input line 4784.
(pdftex.def)             Requested size: 433.63878pt x 289.09251pt.
<Figures/CRFS_totalmort_gby.png, id=1320, 433.62pt x 289.08pt>
File: Figures/CRFS_totalmort_gby.png Graphic file (type png)
<use Figures/CRFS_totalmort_gby.png>
Package pdftex.def Info: Figures/CRFS_totalmort_gby.png  used on input line 479
2.
(pdftex.def)             Requested size: 433.63878pt x 289.09251pt.
<r4ss/plots_mod1/data_plot.png, id=1321, 469.755pt x 361.35pt>
File: r4ss/plots_mod1/data_plot.png Graphic file (type png)
<use r4ss/plots_mod1/data_plot.png>
Package pdftex.def Info: r4ss/plots_mod1/data_plot.png  used on input line 4800
.
(pdftex.def)             Requested size: 469.75386pt x 361.34912pt.
<Figures/assessment_compare.png, id=1322, 433.62pt x 289.08pt>
File: Figures/assessment_compare.png Graphic file (type png)
<use Figures/assessment_compare.png>
Package pdftex.def Info: Figures/assessment_compare.png  used on input line 480
7.
(pdftex.def)             Requested size: 433.63878pt x 289.09251pt.
<Figures/Calcom_vs_Pacfin.png, id=1323, 433.62pt x 289.08pt>
File: Figures/Calcom_vs_Pacfin.png Graphic file (type png)
<use Figures/Calcom_vs_Pacfin.png>
Package pdftex.def Info: Figures/Calcom_vs_Pacfin.png  used on input line 4818.

(pdftex.def)             Requested size: 433.63878pt x 289.09251pt.
<Figures/Calcom_vs_pacfin_lengths.png, id=1324, 674.52pt x 674.52pt>
File: Figures/Calcom_vs_pacfin_lengths.png Graphic file (type png)
<use Figures/Calcom_vs_pacfin_lengths.png>
Package pdftex.def Info: Figures/Calcom_vs_pacfin_lengths.png  used on input li
ne 4825.
(pdftex.def)             Requested size: 469.76266pt x 469.76266pt.
<Figures/Catches_original.png, id=1325, 433.62pt x 289.08pt>
File: Figures/Catches_original.png Graphic file (type png)
<use Figures/Catches_original.png>
Package pdftex.def Info: Figures/Catches_original.png  used on input line 4834.

(pdftex.def)             Requested size: 433.63878pt x 289.09251pt.
<Figures/Catches_alternate.png, id=1326, 433.62pt x 289.08pt>
File: Figures/Catches_alternate.png Graphic file (type png)
<use Figures/Catches_alternate.png>
Package pdftex.def Info: Figures/Catches_alternate.png  used on input line 4842
.
(pdftex.def)             Requested size: 433.63878pt x 289.09251pt.
<Figures/catches_difference.png, id=1327, 433.62pt x 289.08pt>
File: Figures/catches_difference.png Graphic file (type png)
<use Figures/catches_difference.png>
Package pdftex.def Info: Figures/catches_difference.png  used on input line 485
0.
(pdftex.def)             Requested size: 433.63878pt x 289.09251pt.
[80

] [81] [82 <./Figures/Catches_livedeadNS_gby.png>] [83 <./Figures/GBY_revenue.p
ng>] [84 <./Figures/CRFS_totalmort_gby.png>] [85 <./r4ss/plots_mod1/data_plot.p
ng>] [86 <./Figures/assessment_compare.png>] [87 <./Figures/Calcom_vs_Pacfin.pn
g>] [88 <./Figures/calcom_vs_pacfin_lengths.png>] [89 <./Figures/Catches_origin
al.png>] [90 <./Figures/Catches_alternate.png>] [91 <./Figures/catches_differen
ce.png>]
<Figures/All_index_compare.png, id=1388, 433.62pt x 289.08pt>
File: Figures/All_index_compare.png Graphic file (type png)
<use Figures/All_index_compare.png>
Package pdftex.def Info: Figures/All_index_compare.png  used on input line 4863
.
(pdftex.def)             Requested size: 433.63878pt x 289.09251pt.
<Figures/MRFSS_index_compare.png, id=1389, 433.62pt x 289.08pt>
File: Figures/MRFSS_index_compare.png Graphic file (type png)
<use Figures/MRFSS_index_compare.png>
Package pdftex.def Info: Figures/MRFSS_index_compare.png  used on input line 48
70.
(pdftex.def)             Requested size: 433.63878pt x 289.09251pt.
<Figures/Fleet10_SM_filter.png, id=1390, 578.16pt x 722.7pt>
File: Figures/Fleet10_SM_filter.png Graphic file (type png)
<use Figures/Fleet10_SM_filter.png>
Package pdftex.def Info: Figures/Fleet10_SM_filter.png  used on input line 4879
.
(pdftex.def)             Requested size: 469.75385pt x 587.1923pt.
<Figures/MRFSS_index_N_SM_falsepos.png, id=1391, 433.62pt x 289.08pt>
File: Figures/MRFSS_index_N_SM_falsepos.png Graphic file (type png)
<use Figures/MRFSS_index_N_SM_falsepos.png>
Package pdftex.def Info: Figures/MRFSS_index_N_SM_falsepos.png  used on input l
ine 4888.
(pdftex.def)             Requested size: 433.63878pt x 289.09251pt.
<Figures/Fleet10_MLE_stan.png, id=1392, 433.62pt x 433.62pt>
File: Figures/Fleet10_MLE_stan.png Graphic file (type png)
<use Figures/Fleet10_MLE_stan.png>
Package pdftex.def Info: Figures/Fleet10_MLE_stan.png  used on input line 4897.

(pdftex.def)             Requested size: 433.63878pt x 433.63878pt.
<Figures/Fleet10_prop_zero_STAN.png, id=1393, 433.62pt x 216.81pt>
File: Figures/Fleet10_prop_zero_STAN.png Graphic file (type png)
<use Figures/Fleet10_prop_zero_STAN.png>
Package pdftex.def Info: Figures/Fleet10_prop_zero_STAN.png  used on input line
 4905.
(pdftex.def)             Requested size: 433.63878pt x 216.81938pt.
[92 <./Figures/All_index_compare.png>] [93 <./Figures/MRFSS_index_compare.png>]
[94 <./Figures/Fleet10_SM_filter.png>] [95 <./Figures/MRFSS_index_N_SM_falsepos
.png>] [96 <./Figures/Fleet10_MLE_stan.png>] [97 <./Figures/FLeet10_prop_zero_S
TAN.png>]
<Figures/Fleet11_SM_filter.png, id=1427, 578.16pt x 722.7pt>
File: Figures/Fleet11_SM_filter.png Graphic file (type png)
<use Figures/Fleet11_SM_filter.png>
Package pdftex.def Info: Figures/Fleet11_SM_filter.png  used on input line 4916
.
(pdftex.def)             Requested size: 469.75385pt x 587.1923pt.
[98 <./Figures/Fleet11_SM_filter.png>]
<Figures/DebWV_sites.png, id=1433, 614.295pt x 794.97pt>
File: Figures/DebWV_sites.png Graphic file (type png)
<use Figures/DebWV_sites.png>
Package pdftex.def Info: Figures/DebWV_sites.png  used on input line 4927.
(pdftex.def)             Requested size: 469.75604pt x 607.9196pt.
<Figures/DebWV_index_compare.png, id=1434, 433.62pt x 289.08pt>
File: Figures/DebWV_index_compare.png Graphic file (type png)
<use Figures/DebWV_index_compare.png>
Package pdftex.def Info: Figures/DebWV_index_compare.png  used on input line 49
34.
(pdftex.def)             Requested size: 433.63878pt x 289.09251pt.
[99 <./Figures/DebWV_sites.png (PNG copy)>] [100 <./Figures/DebWV_index_compare
.png>]
<Figures/Onboard_observer_north_sites.png, id=1445, 614.295pt x 794.97pt>
File: Figures/Onboard_observer_north_sites.png Graphic file (type png)
<use Figures/Onboard_observer_north_sites.png>
Package pdftex.def Info: Figures/Onboard_observer_north_sites.png  used on inpu
t line 4944.
(pdftex.def)             Requested size: 469.75604pt x 607.9196pt.
[101 <./Figures/Onboard_observer_north_sites.png (PNG copy)>]
<Figures/Onboard_observer_south_sites.png, id=1450, 794.97pt x 614.295pt>
File: Figures/Onboard_observer_south_sites.png Graphic file (type png)
<use Figures/Onboard_observer_south_sites.png>
Package pdftex.def Info: Figures/Onboard_observer_south_sites.png  used on inpu
t line 4954.
(pdftex.def)             Requested size: 469.76819pt x 363.00267pt.
[102 <./Figures/Onboard_observer_south_sites.png (PNG copy)>]
<Figures/CCFRP_sites.png, id=1455, 614.295pt x 794.97pt>
File: Figures/CCFRP_sites.png Graphic file (type png)
<use Figures/CCFRP_sites.png>
Package pdftex.def Info: Figures/CCFRP_sites.png  used on input line 4964.
(pdftex.def)             Requested size: 469.75604pt x 607.9196pt.
[103 <./Figures/CCFRP_sites.png (PNG copy)>]
<Figures/Fleet9_MLE_stan.png, id=1460, 433.62pt x 433.62pt>
File: Figures/Fleet9_MLE_stan.png Graphic file (type png)
<use Figures/Fleet9_MLE_stan.png>
Package pdftex.def Info: Figures/Fleet9_MLE_stan.png  used on input line 4973.
(pdftex.def)             Requested size: 433.63878pt x 433.63878pt.
[104 <./Figures/Fleet9_MLE_stan.png>]
<Figures/Fleet9_prop_zero_STAN.png, id=1466, 433.62pt x 216.81pt>
File: Figures/Fleet9_prop_zero_STAN.png Graphic file (type png)
<use Figures/Fleet9_prop_zero_STAN.png>
Package pdftex.def Info: Figures/Fleet9_prop_zero_STAN.png  used on input line 
4983.
(pdftex.def)             Requested size: 433.63878pt x 216.81938pt.
[105 <./Figures/Fleet9_prop_zero_STAN.png>]
<Figures/CCFRP_lengths_by_site.png, id=1473, 674.52pt x 674.52pt>
File: Figures/CCFRP_lengths_by_site.png Graphic file (type png)
<use Figures/CCFRP_lengths_by_site.png>
Package pdftex.def Info: Figures/CCFRP_lengths_by_site.png  used on input line 
4993.
(pdftex.def)             Requested size: 469.76266pt x 469.76266pt.
<Figures/PISCO_sites.png, id=1474, 614.295pt x 794.97pt>
File: Figures/PISCO_sites.png Graphic file (type png)
<use Figures/PISCO_sites.png>
Package pdftex.def Info: Figures/PISCO_sites.png  used on input line 5000.
(pdftex.def)             Requested size: 469.75604pt x 607.9196pt.
[106 <./Figures/CCFRP_lengths_by_site.png>] [107 <./Figures/PISCO_sites.png (PN
G copy)>]
<Figures/Fleet8_MLE_stan.png, id=1485, 433.62pt x 433.62pt>
File: Figures/Fleet8_MLE_stan.png Graphic file (type png)
<use Figures/Fleet8_MLE_stan.png>
Package pdftex.def Info: Figures/Fleet8_MLE_stan.png  used on input line 5009.
(pdftex.def)             Requested size: 433.63878pt x 433.63878pt.
[108 <./Figures/Fleet8_MLE_stan.png>]
<Figures/Fleet8_prop_zero_STAN.png, id=1491, 433.62pt x 216.81pt>
File: Figures/Fleet8_prop_zero_STAN.png Graphic file (type png)
<use Figures/Fleet8_prop_zero_STAN.png>
Package pdftex.def Info: Figures/Fleet8_prop_zero_STAN.png  used on input line 
5019.
(pdftex.def)             Requested size: 433.63878pt x 216.81938pt.
[109 <./Figures/Fleet8_prop_zero_STAN.png>]
<Figures/Fleet8large_MLE_stan.png, id=1497, 433.62pt x 433.62pt>
File: Figures/Fleet8large_MLE_stan.png Graphic file (type png)
<use Figures/Fleet8large_MLE_stan.png>
Package pdftex.def Info: Figures/Fleet8large_MLE_stan.png  used on input line 5
030.
(pdftex.def)             Requested size: 433.63878pt x 433.63878pt.
[110 <./Figures/Fleet8large_MLE_stan.png>]
<Figures/Fleet8large_prop_zero_STAN.png, id=1503, 433.62pt x 216.81pt>
File: Figures/Fleet8large_prop_zero_STAN.png Graphic file (type png)
<use Figures/Fleet8large_prop_zero_STAN.png>
Package pdftex.def Info: Figures/Fleet8large_prop_zero_STAN.png  used on input 
line 5041.
(pdftex.def)             Requested size: 433.63878pt x 216.81938pt.
[111 <./Figures/Fleet8large_prop_zero_STAN.png>]
<Figures/PISCO_lengths.png, id=1509, 1061.9675pt x 566.115pt>
File: Figures/PISCO_lengths.png Graphic file (type png)
<use Figures/PISCO_lengths.png>
Package pdftex.def Info: Figures/PISCO_lengths.png  used on input line 5052.
(pdftex.def)             Requested size: 469.7626pt x 250.42165pt.
[112 <./Figures/PISCO_lengths.png (PNG copy)>]
<r4ss/plots_mod1/comp_lendat__aggregated_across_time.png, id=1515, 469.755pt x 
361.35pt>
File: r4ss/plots_mod1/comp_lendat__aggregated_across_time.png Graphic file (typ
e png)
<use r4ss/plots_mod1/comp_lendat__aggregated_across_time.png>
Package pdftex.def Info: r4ss/plots_mod1/comp_lendat__aggregated_across_time.pn
g  used on input line 5063.
(pdftex.def)             Requested size: 469.75386pt x 361.34912pt.
<Figures/Age_length_by_study.png, id=1516, 674.52pt x 674.52pt>
File: Figures/Age_length_by_study.png Graphic file (type png)
<use Figures/Age_length_by_study.png>
Package pdftex.def Info: Figures/Age_length_by_study.png  used on input line 50
72.
(pdftex.def)             Requested size: 469.76266pt x 469.76266pt.
<Figures/Growth_by_species.png, id=1517, 674.52pt x 674.52pt>
File: Figures/Growth_by_species.png Graphic file (type png)
<use Figures/Growth_by_species.png>
Package pdftex.def Info: Figures/Growth_by_species.png  used on input line 5081
.
(pdftex.def)             Requested size: 469.76266pt x 469.76266pt.
<Figures/Growth_by_sex.png, id=1518, 505.89pt x 505.89pt>
File: Figures/Growth_by_sex.png Graphic file (type png)
<use Figures/Growth_by_sex.png>
Package pdftex.def Info: Figures/Growth_by_sex.png  used on input line 5089.
(pdftex.def)             Requested size: 469.76265pt x 469.76265pt.
<Figures/GBY_maturity_ogive.png, id=1519, 469.755pt x 361.35pt>
File: Figures/GBY_maturity_ogive.png Graphic file (type png)
<use Figures/GBY_maturity_ogive.png>
Package pdftex.def Info: Figures/GBY_maturity_ogive.png  used on input line 509
6.
(pdftex.def)             Requested size: 469.75386pt x 361.34912pt.
<Figures/GBY_age_error.png, id=1520, 469.755pt x 469.755pt>
File: Figures/GBY_age_error.png Graphic file (type png)
<use Figures/GBY_age_error.png>
Package pdftex.def Info: Figures/GBY_age_error.png  used on input line 5105.
(pdftex.def)             Requested size: 469.75386pt x 469.75386pt.
<Figures/GBY_age_error2.png, id=1521, 433.62pt x 216.81pt>
File: Figures/GBY_age_error2.png Graphic file (type png)
<use Figures/GBY_age_error2.png>
Package pdftex.def Info: Figures/GBY_age_error2.png  used on input line 5113.
(pdftex.def)             Requested size: 433.63878pt x 216.81938pt.
<Figures/GBY_weight_length.png, id=1522, 469.755pt x 361.35pt>
File: Figures/GBY_weight_length.png Graphic file (type png)
<use Figures/GBY_weight_length.png>
Package pdftex.def Info: Figures/GBY_weight_length.png  used on input line 5121
.
(pdftex.def)             Requested size: 469.75386pt x 361.34912pt.
[113 <./r4ss/plots_mod1/comp_lendat__aggregated_across_time.png>] [114 <./Figur
es/Age_length_by_study.png>] [115 <./Figures/Growth_By_species.png>] [116 <./Fi
gures/Growth_by_sex.png>] [117 <./Figures/GBY_maturity_ogive.png>] [118 <./Figu
res/GBY_age_error.png>] [119 <./Figures/GBY_age_error2.png>] [120 <./Figures/GB
Y_weight_length.png (PNG copy)>]
<Figures/sensitivity1_spawnbio.png, id=1563, 469.755pt x 361.35pt>
File: Figures/sensitivity1_spawnbio.png Graphic file (type png)
<use Figures/sensitivity1_spawnbio.png>
Package pdftex.def Info: Figures/sensitivity1_spawnbio.png  used on input line 
5133.
(pdftex.def)             Requested size: 469.75386pt x 361.34912pt.
<Figures/sensitivity2_spawnbio.png, id=1564, 469.755pt x 361.35pt>
File: Figures/sensitivity2_spawnbio.png Graphic file (type png)
<use Figures/sensitivity2_spawnbio.png>
Package pdftex.def Info: Figures/sensitivity2_spawnbio.png  used on input line 
5143.
(pdftex.def)             Requested size: 469.75386pt x 361.34912pt.
[121 <./Figures/sensitivity1_spawnbio.png>] [122 <./Figures/sensitivity2_spawnb
io.png>]
<Figures/SMURF_lengths.png, id=1576, 433.62pt x 289.08pt>
File: Figures/SMURF_lengths.png Graphic file (type png)
<use Figures/SMURF_lengths.png>
Package pdftex.def Info: Figures/SMURF_lengths.png  used on input line 5153.
(pdftex.def)             Requested size: 433.63878pt x 289.09251pt.
[123 <./Figures/SMURF_lengths.png>]
<Figures/Comm_lengths_justification.png, id=1582, 433.62pt x 289.08pt>
File: Figures/Comm_lengths_justification.png Graphic file (type png)
<use Figures/Comm_lengths_justification.png>
Package pdftex.def Info: Figures/Comm_lengths_justification.png  used on input 
line 5165.
(pdftex.def)             Requested size: 433.63878pt x 289.09251pt.
[124 <./Figures/Comm_lengths_justification.png>]
<Figures/Rec_lengths_justification.png, id=1589, 433.62pt x 289.08pt>
File: Figures/Rec_lengths_justification.png Graphic file (type png)
<use Figures/Rec_lengths_justification.png>
Package pdftex.def Info: Figures/Rec_lengths_justification.png  used on input l
ine 5177.
(pdftex.def)             Requested size: 433.63878pt x 289.09251pt.
<Figures/preSTAR_postSTAR_compare_spawnbio.png, id=1590, 469.755pt x 361.35pt>
File: Figures/preSTAR_postSTAR_compare_spawnbio.png Graphic file (type png)
<use Figures/preSTAR_postSTAR_compare_spawnbio.png>
Package pdftex.def Info: Figures/preSTAR_postSTAR_compare_spawnbio.png  used on
 input line 5185.
(pdftex.def)             Requested size: 469.75386pt x 361.34912pt.
[125 <./Figures/Rec_lengths_justification.png>] [126 <./Figures/preSTAR_postSTA
R_compare_spawnbio.png>]
<Figures/preSTAR_postSTAR_compare_Bratio.png, id=1601, 469.755pt x 361.35pt>
File: Figures/preSTAR_postSTAR_compare_Bratio.png Graphic file (type png)
<use Figures/preSTAR_postSTAR_compare_Bratio.png>
Package pdftex.def Info: Figures/preSTAR_postSTAR_compare_Bratio.png  used on i
nput line 5195.
(pdftex.def)             Requested size: 469.75386pt x 361.34912pt.
<Figures/preSTAR_postSTAR_compare_recruit.png, id=1602, 469.755pt x 361.35pt>
File: Figures/preSTAR_postSTAR_compare_recruit.png Graphic file (type png)
<use Figures/preSTAR_postSTAR_compare_recruit.png>
Package pdftex.def Info: Figures/preSTAR_postSTAR_compare_recruit.png  used on 
input line 5203.
(pdftex.def)             Requested size: 469.75386pt x 361.34912pt.
[127 <./Figures/preSTAR_postSTAR_compare_Bratio.png>] [128 <./Figures/preSTAR_p
ostSTAR_compare_recruit.png>]
<Figures/GBY_age_error_updated.png, id=1613, 469.755pt x 469.755pt>
File: Figures/GBY_age_error_updated.png Graphic file (type png)
<use Figures/GBY_age_error_updated.png>
Package pdftex.def Info: Figures/GBY_age_error_updated.png  used on input line 
5213.
(pdftex.def)             Requested size: 469.75386pt x 469.75386pt.
[129 <./Figures/GBY_age_error_updated.png (PNG copy)>]
<Figures/growth_compare.png, id=1618, 655.44875pt x 655.44875pt>
File: Figures/growth_compare.png Graphic file (type png)
<use Figures/growth_compare.png>
Package pdftex.def Info: Figures/growth_compare.png  used on input line 5224.
(pdftex.def)             Requested size: 469.75244pt x 469.75244pt.
[130 <./Figures/growth_compare.png>]
<r4ss/plots_mod1/sel01_multiple_fleets_length1.png, id=1625, 469.755pt x 361.35
pt>
File: r4ss/plots_mod1/sel01_multiple_fleets_length1.png Graphic file (type png)

<use r4ss/plots_mod1/sel01_multiple_fleets_length1.png>
Package pdftex.def Info: r4ss/plots_mod1/sel01_multiple_fleets_length1.png  use
d on input line 5236.
(pdftex.def)             Requested size: 469.75386pt x 361.34912pt.
[131 <./r4ss/plots_mod1/sel01_multiple_fleets_length1.png>]
<r4ss/plots_mod1/recdevs2_withbars.png, id=1631, 469.755pt x 361.35pt>
File: r4ss/plots_mod1/recdevs2_withbars.png Graphic file (type png)
<use r4ss/plots_mod1/recdevs2_withbars.png>
Package pdftex.def Info: r4ss/plots_mod1/recdevs2_withbars.png  used on input l
ine 5245.
(pdftex.def)             Requested size: 469.75386pt x 361.34912pt.
File: r4ss/plots_mod1/ts11_Age-0_recruits_(1000s)_with_95_asymptotic_intervals.
png Graphic file (type png)
<use r4ss/plots_mod1/ts11_Age-0_recruits_(1000s)_with_95_asymptotic_intervals.p
ng>
Package pdftex.def Info: r4ss/plots_mod1/ts11_Age-0_recruits_(1000s)_with_95_as
ymptotic_intervals.png  used on input line 5252.
(pdftex.def)             Requested size: 469.75386pt x 361.34912pt.
<r4ss/plots_mod1/recruit_fit_bias_adjust.png, id=1632, 469.755pt x 361.35pt>
File: r4ss/plots_mod1/recruit_fit_bias_adjust.png Graphic file (type png)
<use r4ss/plots_mod1/recruit_fit_bias_adjust.png>
Package pdftex.def Info: r4ss/plots_mod1/recruit_fit_bias_adjust.png  used on i
nput line 5260.
(pdftex.def)             Requested size: 469.75386pt x 361.34912pt.
<r4ss/plots_mod1/SR_curve2.png, id=1633, 469.755pt x 361.35pt>
File: r4ss/plots_mod1/SR_curve2.png Graphic file (type png)
<use r4ss/plots_mod1/SR_curve2.png>
Package pdftex.def Info: r4ss/plots_mod1/SR_curve2.png  used on input line 5270
.
(pdftex.def)             Requested size: 469.75386pt x 361.34912pt.
[132 <./r4ss/plots_mod1/recdevs2_withbars.png>] [133] [134 <./r4ss/plots_mod1/r
ecruit_fit_bias_adjust.png>] [135 <./r4ss/plots_mod1/SR_curve2.png (PNG copy)>]
<r4ss/plots_mod1/index5_logcpuefit_RecDocksideNorth.png, id=1652, 469.755pt x 3
61.35pt>
File: r4ss/plots_mod1/index5_logcpuefit_RecDocksideNorth.png Graphic file (type
 png)
<use r4ss/plots_mod1/index5_logcpuefit_RecDocksideNorth.png>
Package pdftex.def Info: r4ss/plots_mod1/index5_logcpuefit_RecDocksideNorth.png
  used on input line 5281.
(pdftex.def)             Requested size: 469.75386pt x 361.34912pt.
[136 <./r4ss/plots_mod1/index5_logcpuefit_RecDocksideNorth.png>]
<r4ss/plots_mod1/index5_logcpuefit_DebCPFV.png, id=1659, 469.755pt x 361.35pt>
File: r4ss/plots_mod1/index5_logcpuefit_DebCPFV.png Graphic file (type png)
<use r4ss/plots_mod1/index5_logcpuefit_DebCPFV.png>
Package pdftex.def Info: r4ss/plots_mod1/index5_logcpuefit_DebCPFV.png  used on
 input line 5293.
(pdftex.def)             Requested size: 469.75386pt x 361.34912pt.
[137 <./r4ss/plots_mod1/index5_logcpuefit_DebCPFV.png>]
<r4ss/plots_mod1/index5_logcpuefit_RecOnboardNorth.png, id=1665, 469.755pt x 36
1.35pt>
File: r4ss/plots_mod1/index5_logcpuefit_RecOnboardNorth.png Graphic file (type 
png)
<use r4ss/plots_mod1/index5_logcpuefit_RecOnboardNorth.png>
Package pdftex.def Info: r4ss/plots_mod1/index5_logcpuefit_RecOnboardNorth.png 
 used on input line 5305.
(pdftex.def)             Requested size: 469.75386pt x 361.34912pt.
[138 <./r4ss/plots_mod1/index5_logcpuefit_RecOnboardNorth.png>]
<r4ss/plots_mod1/index5_logcpuefit_PISCO.png, id=1671, 469.755pt x 361.35pt>
File: r4ss/plots_mod1/index5_logcpuefit_PISCO.png Graphic file (type png)
<use r4ss/plots_mod1/index5_logcpuefit_PISCO.png>
Package pdftex.def Info: r4ss/plots_mod1/index5_logcpuefit_PISCO.png  used on i
nput line 5317.
(pdftex.def)             Requested size: 469.75386pt x 361.34912pt.
[139 <./r4ss/plots_mod1/index5_logcpuefit_PISCO.png>]
<r4ss/plots_mod1/index5_logcpuefit_PISCOage0.png, id=1677, 469.755pt x 361.35pt
>
File: r4ss/plots_mod1/index5_logcpuefit_PISCOage0.png Graphic file (type png)
<use r4ss/plots_mod1/index5_logcpuefit_PISCOage0.png>
Package pdftex.def Info: r4ss/plots_mod1/index5_logcpuefit_PISCOage0.png  used 
on input line 5329.
(pdftex.def)             Requested size: 469.75386pt x 361.34912pt.
[140 <./r4ss/plots_mod1/index5_logcpuefit_PISCOage0.png>]
<r4ss/plots_mod1/index5_logcpuefit_CCFRP.png, id=1683, 469.755pt x 361.35pt>
File: r4ss/plots_mod1/index5_logcpuefit_CCFRP.png Graphic file (type png)
<use r4ss/plots_mod1/index5_logcpuefit_CCFRP.png>
Package pdftex.def Info: r4ss/plots_mod1/index5_logcpuefit_CCFRP.png  used on i
nput line 5340.
(pdftex.def)             Requested size: 469.75386pt x 361.34912pt.
[141 <./r4ss/plots_mod1/index5_logcpuefit_CCFRP.png>]
<r4ss/plots_mod1/comp_lenfit__aggregated_across_time.png, id=1689, 469.755pt x 
361.35pt>
File: r4ss/plots_mod1/comp_lenfit__aggregated_across_time.png Graphic file (typ
e png)
<use r4ss/plots_mod1/comp_lenfit__aggregated_across_time.png>
Package pdftex.def Info: r4ss/plots_mod1/comp_lenfit__aggregated_across_time.pn
g  used on input line 5352.
(pdftex.def)             Requested size: 469.75386pt x 361.34912pt.
[142 <./r4ss/plots_mod1/comp_lenfit__aggregated_across_time.png>]
<r4ss/plots_mod1/comp_condAALfit_data_weighting_TA1.8_condAgeRecNorth.png, id=1
696, 469.755pt x 361.35pt>
File: r4ss/plots_mod1/comp_condAALfit_data_weighting_TA1.8_condAgeRecNorth.png 
Graphic file (type png)
<use r4ss/plots_mod1/comp_condAALfit_data_weighting_TA1.8_condAgeRecNorth.png>
Package pdftex.def Info: r4ss/plots_mod1/comp_condAALfit_data_weighting_TA1.8_c
ondAgeRecNorth.png  used on input line 5361.
(pdftex.def)             Requested size: 469.75386pt x 361.34912pt.
<r4ss/plots_mod1/comp_condAALfit_data_weighting_TA1.8_condAgeCCFRP.png, id=1697
, 469.755pt x 361.35pt>
File: r4ss/plots_mod1/comp_condAALfit_data_weighting_TA1.8_condAgeCCFRP.png Gra
phic file (type png)
<use r4ss/plots_mod1/comp_condAALfit_data_weighting_TA1.8_condAgeCCFRP.png>
Package pdftex.def Info: r4ss/plots_mod1/comp_condAALfit_data_weighting_TA1.8_c
ondAgeCCFRP.png  used on input line 5373.
(pdftex.def)             Requested size: 469.75386pt x 361.34912pt.
<r4ss/plots_mod1/comp_condAALfit_data_weighting_TA1.8_condAgeDummy1.png, id=169
8, 469.755pt x 361.35pt>
File: r4ss/plots_mod1/comp_condAALfit_data_weighting_TA1.8_condAgeDummy1.png Gr
aphic file (type png)
<use r4ss/plots_mod1/comp_condAALfit_data_weighting_TA1.8_condAgeDummy1.png>
Package pdftex.def Info: r4ss/plots_mod1/comp_condAALfit_data_weighting_TA1.8_c
ondAgeDummy1.png  used on input line 5384.
(pdftex.def)             Requested size: 469.75386pt x 361.34912pt.
[143 <./r4ss/plots_mod1/comp_condAALfit_data_weighting_TA1.8_condAgeRecNorth.pn
g>] [144 <./r4ss/plots_mod1/comp_condAALfit_data_weighting_TA1.8_condAgeCCFRP.p
ng>] [145 <./r4ss/plots_mod1/comp_condAALfit_data_weighting_TA1.8_condAgeDummy1
.png>]
<Figures/retro_spawnb.png, id=1714, 469.755pt x 361.35pt>
File: Figures/retro_spawnb.png Graphic file (type png)
<use Figures/retro_spawnb.png>
Package pdftex.def Info: Figures/retro_spawnb.png  used on input line 5397.
(pdftex.def)             Requested size: 469.75386pt x 361.34912pt.
[146 <./Figures/retro_spawnb.png>]
<Figures/retro_recdev.png, id=1720, 469.755pt x 361.35pt>
File: Figures/retro_recdev.png Graphic file (type png)
<use Figures/retro_recdev.png>
Package pdftex.def Info: Figures/retro_recdev.png  used on input line 5406.
(pdftex.def)             Requested size: 469.75386pt x 361.34912pt.
[147 <./Figures/retro_recdev.png>]
<Figures/profile_R0_piner.png, id=1727, 469.755pt x 361.35pt>
File: Figures/profile_R0_piner.png Graphic file (type png)
<use Figures/profile_R0_piner.png>
Package pdftex.def Info: Figures/profile_R0_piner.png  used on input line 5415.

(pdftex.def)             Requested size: 469.75386pt x 361.34912pt.
<Figures/profile_R0_piner2.png, id=1728, 469.755pt x 361.35pt>
File: Figures/profile_R0_piner2.png Graphic file (type png)
<use Figures/profile_R0_piner2.png>
Package pdftex.def Info: Figures/profile_R0_piner2.png  used on input line 5422
.
(pdftex.def)             Requested size: 469.75386pt x 361.34912pt.
<Figures/profile_R0_like.png, id=1729, 469.755pt x 361.35pt>
File: Figures/profile_R0_like.png Graphic file (type png)
<use Figures/profile_R0_like.png>
Package pdftex.def Info: Figures/profile_R0_like.png  used on input line 5429.
(pdftex.def)             Requested size: 469.75386pt x 361.34912pt.
<Figures/profile_R0_depl.png, id=1730, 469.755pt x 361.35pt>
File: Figures/profile_R0_depl.png Graphic file (type png)
<use Figures/profile_R0_depl.png>
Package pdftex.def Info: Figures/profile_R0_depl.png  used on input line 5436.
(pdftex.def)             Requested size: 469.75386pt x 361.34912pt.
[148 <./Figures/profile_R0_piner.png>] [149 <./Figures/profile_R0_piner2.png>] 
[150 <./Figures/profile_R0_like.png>] [151 <./Figures/profile_R0_depl.png (PNG 
copy)>]
<Figures/profile_h_piner.png, id=1751, 469.755pt x 361.35pt>
File: Figures/profile_h_piner.png Graphic file (type png)
<use Figures/profile_h_piner.png>
Package pdftex.def Info: Figures/profile_h_piner.png  used on input line 5445.
(pdftex.def)             Requested size: 469.75386pt x 361.34912pt.
[152 <./Figures/profile_h_piner.png>]
<Figures/profile_h_piner2.png, id=1757, 469.755pt x 361.35pt>
File: Figures/profile_h_piner2.png Graphic file (type png)
<use Figures/profile_h_piner2.png>
Package pdftex.def Info: Figures/profile_h_piner2.png  used on input line 5454.

(pdftex.def)             Requested size: 469.75386pt x 361.34912pt.
[153 <./Figures/profile_h_piner2.png>]
<Figures/profile_h_like.png, id=1763, 469.755pt x 361.35pt>
File: Figures/profile_h_like.png Graphic file (type png)
<use Figures/profile_h_like.png>
Package pdftex.def Info: Figures/profile_h_like.png  used on input line 5463.
(pdftex.def)             Requested size: 469.75386pt x 361.34912pt.
<Figures/profile_h_depl.png, id=1764, 469.755pt x 361.35pt>
File: Figures/profile_h_depl.png Graphic file (type png)
<use Figures/profile_h_depl.png>
Package pdftex.def Info: Figures/profile_h_depl.png  used on input line 5470.
(pdftex.def)             Requested size: 469.75386pt x 361.34912pt.
<Figures/profile_m_piner.png, id=1765, 469.755pt x 361.35pt>
File: Figures/profile_m_piner.png Graphic file (type png)
<use Figures/profile_m_piner.png>
Package pdftex.def Info: Figures/profile_m_piner.png  used on input line 5477.
(pdftex.def)             Requested size: 469.75386pt x 361.34912pt.
[154 <./Figures/profile_h_like.png>] [155 <./Figures/profile_h_depl.png (PNG co
py)>] [156 <./Figures/profile_m_piner.png>]
<Figures/profile_m_piner2.png, id=1782, 469.755pt x 361.35pt>
File: Figures/profile_m_piner2.png Graphic file (type png)
<use Figures/profile_m_piner2.png>
Package pdftex.def Info: Figures/profile_m_piner2.png  used on input line 5486.

(pdftex.def)             Requested size: 469.75386pt x 361.34912pt.
[157 <./Figures/profile_m_piner2.png>]
<Figures/profile_m_like.png, id=1788, 469.755pt x 361.35pt>
File: Figures/profile_m_like.png Graphic file (type png)
<use Figures/profile_m_like.png>
Package pdftex.def Info: Figures/profile_m_like.png  used on input line 5495.
(pdftex.def)             Requested size: 469.75386pt x 361.34912pt.
[158 <./Figures/profile_M_like.png>]
<Figures/profile_m_depl.png, id=1794, 469.755pt x 361.35pt>
File: Figures/profile_m_depl.png Graphic file (type png)
<use Figures/profile_m_depl.png>
Package pdftex.def Info: Figures/profile_m_depl.png  used on input line 5504.
(pdftex.def)             Requested size: 469.75386pt x 361.34912pt.
[159 <./Figures/profile_M_depl.png (PNG copy)>]
File: r4ss/plots_mod1/ts7_Spawning_output_with_95_asymptotic_intervals_interval
s.png Graphic file (type png)
<use r4ss/plots_mod1/ts7_Spawning_output_with_95_asymptotic_intervals_intervals
.png>
Package pdftex.def Info: r4ss/plots_mod1/ts7_Spawning_output_with_95_asymptotic
_intervals_intervals.png  used on input line 5513.
(pdftex.def)             Requested size: 469.75386pt x 361.34912pt.
File: r4ss/plots_mod1/ts9_Fraction_of_unfished_with_95_asymptotic_intervals_int
ervals.png Graphic file (type png)
<use r4ss/plots_mod1/ts9_Fraction_of_unfished_with_95_asymptotic_intervals_inte
rvals.png>
Package pdftex.def Info: r4ss/plots_mod1/ts9_Fraction_of_unfished_with_95_asymp
totic_intervals_intervals.png  used on input line 5521.
(pdftex.def)             Requested size: 469.75386pt x 361.34912pt.
File: r4ss/plots_mod1/yield1_yield_curve.png Graphic file (type png)
<use r4ss/plots_mod1/yield1_yield_curve.png>
Package pdftex.def Info: r4ss/plots_mod1/yield1_yield_curve.png  used on input 
line 5529.
(pdftex.def)             Requested size: 469.75386pt x 361.34912pt.
[160] [161] [162]
<Figures/Comm_regs1.pdf, id=1812, 614.29457pt x 794.97043pt>
File: Figures/Comm_regs1.pdf Graphic file (type pdf)
<use Figures/Comm_regs1.pdf>
Package pdftex.def Info: Figures/Comm_regs1.pdf  used on input line 5553.
(pdftex.def)             Requested size: 469.75572pt x 607.91992pt.
[1











































] [2 <./Figures/Comm_regs1.pdf>]
<Figures/Comm_regs2.pdf, id=1835, 614.29457pt x 794.97043pt>
File: Figures/Comm_regs2.pdf Graphic file (type pdf)
<use Figures/Comm_regs2.pdf>
Package pdftex.def Info: Figures/Comm_regs2.pdf  used on input line 5561.
(pdftex.def)             Requested size: 469.75572pt x 607.91992pt.
[3 <./Figures/Comm_regs2.pdf>]
<Figures/Comm_regs3.pdf, id=1854, 614.29457pt x 794.97043pt>
File: Figures/Comm_regs3.pdf Graphic file (type pdf)
<use Figures/Comm_regs3.pdf>
Package pdftex.def Info: Figures/Comm_regs3.pdf  used on input line 5569.
(pdftex.def)             Requested size: 469.75572pt x 607.91992pt.
[4 <./Figures/Comm_regs3.pdf>]

pdfTeX warning: pdflatex.exe (file ./Figures/Rec_regs1.pdf): PDF inclusion: fou
nd PDF version <1.6>, but at most version <1.5> allowed
<Figures/Rec_regs1.pdf, id=1872, 614.29457pt x 794.97043pt>
File: Figures/Rec_regs1.pdf Graphic file (type pdf)
<use Figures/Rec_regs1.pdf>
Package pdftex.def Info: Figures/Rec_regs1.pdf  used on input line 5589.
(pdftex.def)             Requested size: 469.75572pt x 607.91992pt.
[1


] [2 <./Figures/Rec_regs1.pdf>]

pdfTeX warning: pdflatex.exe (file ./Figures/Rec_regs2.pdf): PDF inclusion: fou
nd PDF version <1.6>, but at most version <1.5> allowed
<Figures/Rec_regs2.pdf, id=1896, 614.29457pt x 794.97043pt>
File: Figures/Rec_regs2.pdf Graphic file (type pdf)
<use Figures/Rec_regs2.pdf>
Package pdftex.def Info: Figures/Rec_regs2.pdf  used on input line 5597.
(pdftex.def)             Requested size: 469.75572pt x 607.91992pt.
[3 <./Figures/Rec_regs2.pdf>]

pdfTeX warning: pdflatex.exe (file ./Figures/Rec_regs3.pdf): PDF inclusion: fou
nd PDF version <1.6>, but at most version <1.5> allowed
<Figures/Rec_regs3.pdf, id=1915, 614.29457pt x 794.97043pt>
File: Figures/Rec_regs3.pdf Graphic file (type pdf)
<use Figures/Rec_regs3.pdf>
Package pdftex.def Info: Figures/Rec_regs3.pdf  used on input line 5605.
(pdftex.def)             Requested size: 469.75572pt x 607.91992pt.
[4 <./Figures/Rec_regs3.pdf>]

pdfTeX warning: pdflatex.exe (file ./Figures/Rec_regs4.pdf): PDF inclusion: fou
nd PDF version <1.6>, but at most version <1.5> allowed
<Figures/Rec_regs4.pdf, id=1934, 614.29457pt x 794.97043pt>
File: Figures/Rec_regs4.pdf Graphic file (type pdf)
<use Figures/Rec_regs4.pdf>
Package pdftex.def Info: Figures/Rec_regs4.pdf  used on input line 5613.
(pdftex.def)             Requested size: 469.75572pt x 607.91992pt.
[5 <./Figures/Rec_regs4.pdf>]
<./r4ss/plots_mod1/comp_lenfit_flt1mkt2.png, id=1953, 469.755pt x 361.35pt>
File: ./r4ss/plots_mod1/comp_lenfit_flt1mkt2.png Graphic file (type png)
<use ./r4ss/plots_mod1/comp_lenfit_flt1mkt2.png>
Package pdftex.def Info: ./r4ss/plots_mod1/comp_lenfit_flt1mkt2.png  used on in
put line 5632.
(pdftex.def)             Requested size: 469.75386pt x 361.34912pt.
<./r4ss/plots_mod1/comp_lenfit_flt2mkt0.png, id=1954, 469.755pt x 361.35pt>
File: ./r4ss/plots_mod1/comp_lenfit_flt2mkt0.png Graphic file (type png)
<use ./r4ss/plots_mod1/comp_lenfit_flt2mkt0.png>
Package pdftex.def Info: ./r4ss/plots_mod1/comp_lenfit_flt2mkt0.png  used on in
put line 5641.
(pdftex.def)             Requested size: 469.75386pt x 361.34912pt.
<./r4ss/plots_mod1/comp_lenfit_flt3mkt0.png, id=1955, 469.755pt x 361.35pt>
File: ./r4ss/plots_mod1/comp_lenfit_flt3mkt0.png Graphic file (type png)
<use ./r4ss/plots_mod1/comp_lenfit_flt3mkt0.png>
Package pdftex.def Info: ./r4ss/plots_mod1/comp_lenfit_flt3mkt0.png  used on in
put line 5650.
(pdftex.def)             Requested size: 469.75386pt x 361.34912pt.
<./r4ss/plots_mod1/comp_lenfit_flt4mkt0.png, id=1956, 469.755pt x 361.35pt>
File: ./r4ss/plots_mod1/comp_lenfit_flt4mkt0.png Graphic file (type png)
<use ./r4ss/plots_mod1/comp_lenfit_flt4mkt0.png>
Package pdftex.def Info: ./r4ss/plots_mod1/comp_lenfit_flt4mkt0.png  used on in
put line 5659.
(pdftex.def)             Requested size: 469.75386pt x 361.34912pt.
<./r4ss/plots_mod1/comp_lenfit_flt6mkt0.png, id=1957, 469.755pt x 361.35pt>
File: ./r4ss/plots_mod1/comp_lenfit_flt6mkt0.png Graphic file (type png)
<use ./r4ss/plots_mod1/comp_lenfit_flt6mkt0.png>
Package pdftex.def Info: ./r4ss/plots_mod1/comp_lenfit_flt6mkt0.png  used on in
put line 5668.
(pdftex.def)             Requested size: 469.75386pt x 361.34912pt.
<./r4ss/plots_mod1/comp_lenfit_flt7mkt0.png, id=1958, 469.755pt x 361.35pt>
File: ./r4ss/plots_mod1/comp_lenfit_flt7mkt0.png Graphic file (type png)
<use ./r4ss/plots_mod1/comp_lenfit_flt7mkt0.png>
Package pdftex.def Info: ./r4ss/plots_mod1/comp_lenfit_flt7mkt0.png  used on in
put line 5677.
(pdftex.def)             Requested size: 469.75386pt x 361.34912pt.
[1



]
Package marginnote Info: Using workaround for absolute page number on input lin
e 5684.
[2 <./r4ss/plots_mod1/comp_lenfit_flt1mkt2.png>] [3 <./r4ss/plots_mod1/comp_len
fit_flt2mkt0.png>] [4 <./r4ss/plots_mod1/comp_lenfit_flt3mkt0.png>] [5 <./r4ss/
plots_mod1/comp_lenfit_flt4mkt0.png>] [6 <./r4ss/plots_mod1/comp_lenfit_flt6mkt
0.png>] [7 <./r4ss/plots_mod1/comp_lenfit_flt7mkt0.png>] [8]pdfTeX warning (ext
4): destination with the same identifier (name{page.}) has been already used, d
uplicate ignored
<to be read again> 
                   \relax 
l.5833 
        [9]pdfTeX warning (ext4): destination with the same identifier (name{pa
ge.}) has been already used, duplicate ignored
<to be read again> 
                   \relax 
l.5900 
        [10]pdfTeX warning (ext4): destination with the same identifier (name{p
age.}) has been already used, duplicate ignored
<to be read again> 
                   \relax 
l.5965 
        [11]
No complaints by nag.
Package atveryend Info: Empty hook `BeforeClearDocument' on input line 6023.
pdfTeX warning (ext4): destination with the same identifier (name{page.}) has b
een already used, duplicate ignored
<to be read again> 
                   \relax 
l.6023 \end{document}
                      [12]
Package atveryend Info: Empty hook `AfterLastShipout' on input line 6023.
(./00_Assessment_Compile.aux * soulpos - computing points - it may take a few s
econds *
\openout4 = `00_Assessment_Compile.upb'.

(./00_Assessment_Compile.upa))
Package atveryend Info: Executing hook `AtVeryEndDocument' on input line 6023.
Package atveryend Info: Executing hook `AtEndAfterFileList' on input line 6023.

Package rerunfilecheck Info: File `00_Assessment_Compile.out' has not changed.
(rerunfilecheck)             Checksum: C790F754E5F6D0620BA7A700448D424A;13080.

LaTeX Warning: There were multiply-defined labels.

Package atveryend Info: Empty hook `AtVeryVeryEnd' on input line 6023.
 ) 
Here is how much of TeX's memory you used:
 19301 strings out of 494585
 329179 string characters out of 6175914
 521353 words of memory out of 5000000
 22175 multiletter control sequences out of 15000+600000
 14788 words of font info for 54 fonts, out of 8000000 for 9000
 14 hyphenation exceptions out of 8191
 38i,15n,84p,1034b,515s stack positions out of 5000i,500n,10000p,200000b,80000s
 <c:/Users/melissa.monk/Documents/.TinyTeX/texmf-var/fonts/pk/ljfour/jknappen
/ec/tcrm1200.600pk><c:/Users/melissa.monk/AppData/Roaming/TinyTeX/texmf-dist/fo
nts/type1/public/amsfonts/cm/cmbx12.pfb><c:/Users/melissa.monk/AppData/Roaming/
TinyTeX/texmf-dist/fonts/type1/public/amsfonts/cm/cmbx8.pfb><c:/Users/melissa.m
onk/AppData/Roaming/TinyTeX/texmf-dist/fonts/type1/public/amsfonts/cm/cmbxti10.
pfb><c:/Users/melissa.monk/AppData/Roaming/TinyTeX/texmf-dist/fonts/type1/publi
c/amsfonts/cm/cmmi12.pfb><c:/Users/melissa.monk/AppData/Roaming/TinyTeX/texmf-d
ist/fonts/type1/public/amsfonts/cm/cmmi6.pfb><c:/Users/melissa.monk/AppData/Roa
ming/TinyTeX/texmf-dist/fonts/type1/public/amsfonts/cm/cmmi8.pfb><c:/Users/meli
ssa.monk/AppData/Roaming/TinyTeX/texmf-dist/fonts/type1/public/amsfonts/cm/cmr1
0.pfb><c:/Users/melissa.monk/AppData/Roaming/TinyTeX/texmf-dist/fonts/type1/pub
lic/amsfonts/cm/cmr12.pfb><c:/Users/melissa.monk/AppData/Roaming/TinyTeX/texmf-
dist/fonts/type1/public/amsfonts/cm/cmr17.pfb><c:/Users/melissa.monk/AppData/Ro
aming/TinyTeX/texmf-dist/fonts/type1/public/amsfonts/cm/cmr6.pfb><c:/Users/meli
ssa.monk/AppData/Roaming/TinyTeX/texmf-dist/fonts/type1/public/amsfonts/cm/cmr8
.pfb><c:/Users/melissa.monk/AppData/Roaming/TinyTeX/texmf-dist/fonts/type1/publ
ic/amsfonts/cm/cmss8.pfb><c:/Users/melissa.monk/AppData/Roaming/TinyTeX/texmf-d
ist/fonts/type1/public/amsfonts/cm/cmsy10.pfb><c:/Users/melissa.monk/AppData/Ro
aming/TinyTeX/texmf-dist/fonts/type1/public/amsfonts/cm/cmsy8.pfb><c:/Users/mel
issa.monk/AppData/Roaming/TinyTeX/texmf-dist/fonts/type1/public/amsfonts/cm/cmt
i10.pfb><c:/Users/melissa.monk/AppData/Roaming/TinyTeX/texmf-dist/fonts/type1/p
ublic/amsfonts/cm/cmti12.pfb><c:/Users/melissa.monk/AppData/Roaming/TinyTeX/tex
mf-dist/fonts/type1/public/amsfonts/cm/cmtt10.pfb>
Output written on 00_Assessment_Compile.pdf (210 pages, 7033430 bytes).
PDF statistics:
 2191 PDF objects out of 2487 (max. 8388607)
 1719 compressed objects within 18 object streams
 498 named destinations out of 1000 (max. 500000)
 1045 words of extra memory for PDF output out of 10000 (max. 10000000)

